2025-04-26 23:32:53 [INFO ] Loaded 4 subjects from sleepedfx
2025-04-26 23:32:53 [INFO ] Subject 10006 -> Files: ['./data/processed/data_10006.pkl']
2025-04-26 23:32:53 [INFO ] Subject 10012 -> Files: ['./data/processed/data_10012.pkl']
2025-04-26 23:32:53 [INFO ] Subject 10003 -> Files: ['./data/processed/data_10003.pkl']
2025-04-26 23:32:53 [INFO ] Subject 10000 -> Files: ['./data/processed/data_10000.pkl']
2025-04-26 23:32:53 [INFO ] Train set: 1872 samples
2025-04-26 23:32:53 [INFO ] Valid set: 900 samples
2025-04-26 23:32:53 [INFO ] Test set: 898 samples
2025-04-26 23:32:53 [INFO ] Sleep stage W: 704
2025-04-26 23:32:53 [INFO ] Sleep stage N1: 21
2025-04-26 23:32:53 [INFO ] Sleep stage N2: 491
2025-04-26 23:32:53 [INFO ] Sleep stage N3: 556
2025-04-26 23:32:53 [INFO ] Mixed Apnea: 1
2025-04-26 23:32:53 [INFO ] Oxygen Desaturation: 57
2025-04-26 23:32:53 [INFO ] EEG arousal: 42
2025-04-26 23:32:53 [WARNI] Missing classes in training data: ['Label 4', 'Label 5', 'Label 6', 'Label 7', 'Label 11', 'Label 12', 'Label 13', 'Label 14', 'Label 15']
2025-04-26 23:32:53 [INFO ] Input shape: (None, 3000, 1)
2025-04-26 23:32:53 [INFO ] Initializing NeuroSight with 16 classes, use_rnn=False
2025-04-26 23:33:58 [INFO ] Loaded 10 subjects from sleepedfx
2025-04-26 23:33:58 [INFO ] Subject 10003 -> Files: ['./data/processed/data_10003.pkl']
2025-04-26 23:33:58 [INFO ] Subject 10006 -> Files: ['./data/processed/data_10006.pkl']
2025-04-26 23:33:58 [INFO ] Subject 10009 -> Files: ['./data/processed/data_10009.pkl']
2025-04-26 23:33:58 [INFO ] Subject 10012 -> Files: ['./data/processed/data_10012.pkl']
2025-04-26 23:33:58 [INFO ] Subject 10015 -> Files: ['./data/processed/data_10015.pkl']
2025-04-26 23:33:58 [INFO ] Subject 10018 -> Files: ['./data/processed/data_10018.pkl']
2025-04-26 23:33:58 [INFO ] Subject 10030 -> Files: ['./data/processed/data_10030.pkl']
2025-04-26 23:33:58 [INFO ] Subject 10036 -> Files: ['./data/processed/data_10036.pkl']
2025-04-26 23:33:58 [INFO ] Subject 10033 -> Files: ['./data/processed/data_10033.pkl']
2025-04-26 23:33:58 [INFO ] Subject 10000 -> Files: ['./data/processed/data_10000.pkl']
2025-04-26 23:33:58 [INFO ] Train set: 6398 samples
2025-04-26 23:33:58 [INFO ] Valid set: 695 samples
2025-04-26 23:33:58 [INFO ] Test set: 898 samples
2025-04-26 23:33:58 [INFO ] Sleep stage W: 1380
2025-04-26 23:33:58 [INFO ] Sleep stage N1: 107
2025-04-26 23:33:58 [INFO ] Sleep stage N2: 2479
2025-04-26 23:33:58 [INFO ] Sleep stage N3: 1914
2025-04-26 23:33:58 [INFO ] Obstructive Apnea: 25
2025-04-26 23:33:58 [INFO ] Mixed Apnea: 1
2025-04-26 23:33:58 [INFO ] Oxygen Desaturation: 291
2025-04-26 23:33:58 [INFO ] EEG arousal: 197
2025-04-26 23:33:58 [INFO ] Hypopnea: 4
2025-04-26 23:33:58 [WARNI] Missing classes in training data: ['Label 4', 'Label 5', 'Label 7', 'Label 12', 'Label 13', 'Label 14', 'Label 15']
2025-04-26 23:33:58 [INFO ] Input shape: (None, 3000, 1)
2025-04-26 23:34:50 [INFO ] Loaded 9 subjects from sleepedfx
2025-04-26 23:34:50 [INFO ] Subject 10003 -> Files: ['./data/processed/data_10003.pkl']
2025-04-26 23:34:50 [INFO ] Subject 10012 -> Files: ['./data/processed/data_10012.pkl']
2025-04-26 23:34:50 [INFO ] Subject 10015 -> Files: ['./data/processed/data_10015.pkl']
2025-04-26 23:34:50 [INFO ] Subject 10018 -> Files: ['./data/processed/data_10018.pkl']
2025-04-26 23:34:50 [INFO ] Subject 10030 -> Files: ['./data/processed/data_10030.pkl']
2025-04-26 23:34:50 [INFO ] Subject 10033 -> Files: ['./data/processed/data_10033.pkl']
2025-04-26 23:34:50 [INFO ] Subject 10036 -> Files: ['./data/processed/data_10036.pkl']
2025-04-26 23:34:50 [INFO ] Subject 10006 -> Files: ['./data/processed/data_10006.pkl']
2025-04-26 23:34:50 [INFO ] Subject 10000 -> Files: ['./data/processed/data_10000.pkl']
2025-04-26 23:34:50 [INFO ] Train set: 5342 samples
2025-04-26 23:34:50 [INFO ] Valid set: 878 samples
2025-04-26 23:34:50 [INFO ] Test set: 898 samples
2025-04-26 23:34:50 [INFO ] Sleep stage W: 1482
2025-04-26 23:34:50 [INFO ] Sleep stage N1: 106
2025-04-26 23:34:50 [INFO ] Sleep stage N2: 1986
2025-04-26 23:34:50 [INFO ] Sleep stage N3: 1327
2025-04-26 23:34:50 [INFO ] Obstructive Apnea: 24
2025-04-26 23:34:50 [INFO ] Oxygen Desaturation: 282
2025-04-26 23:34:50 [INFO ] EEG arousal: 131
2025-04-26 23:34:50 [INFO ] Hypopnea: 4
2025-04-26 23:34:50 [WARNI] Missing classes in training data: ['Label 4', 'Label 5', 'Label 7', 'Label 8', 'Label 12', 'Label 13', 'Label 14', 'Label 15']
2025-04-26 23:34:50 [INFO ] Input shape: (None, 3000, 1)
2025-04-26 23:39:59 [INFO ] Loaded 8 subjects from sleepedfx
2025-04-26 23:39:59 [INFO ] Subject 10006 -> Files: ['./data/processed/data_10006.pkl']
2025-04-26 23:39:59 [INFO ] Subject 10012 -> Files: ['./data/processed/data_10012.pkl']
2025-04-26 23:39:59 [INFO ] Subject 10015 -> Files: ['./data/processed/data_10015.pkl']
2025-04-26 23:39:59 [INFO ] Subject 10018 -> Files: ['./data/processed/data_10018.pkl']
2025-04-26 23:39:59 [INFO ] Subject 10030 -> Files: ['./data/processed/data_10030.pkl']
2025-04-26 23:39:59 [INFO ] Subject 10036 -> Files: ['./data/processed/data_10036.pkl']
2025-04-26 23:39:59 [INFO ] Subject 10003 -> Files: ['./data/processed/data_10003.pkl']
2025-04-26 23:39:59 [INFO ] Subject 10000 -> Files: ['./data/processed/data_10000.pkl']
2025-04-26 23:39:59 [INFO ] Train set: 4625 samples
2025-04-26 23:39:59 [INFO ] Valid set: 900 samples
2025-04-26 23:39:59 [INFO ] Test set: 898 samples
2025-04-26 23:39:59 [INFO ] Sleep stage W: 1304
2025-04-26 23:39:59 [INFO ] Sleep stage N1: 57
2025-04-26 23:39:59 [INFO ] Sleep stage N2: 1664
2025-04-26 23:39:59 [INFO ] Sleep stage N3: 1266
2025-04-26 23:39:59 [INFO ] Obstructive Apnea: 8
2025-04-26 23:39:59 [INFO ] Mixed Apnea: 1
2025-04-26 23:39:59 [INFO ] Oxygen Desaturation: 184
2025-04-26 23:39:59 [INFO ] EEG arousal: 137
2025-04-26 23:39:59 [INFO ] Hypopnea: 4
2025-04-26 23:39:59 [WARNI] Missing classes in training data: ['Label 4', 'Label 5', 'Label 7', 'Label 12', 'Label 13', 'Label 14', 'Label 15']
2025-04-26 23:39:59 [INFO ] Input shape: (None, 3000, 1)
2025-04-26 23:39:59 [INFO ] Initializing NeuroSight with 16 classes, use_rnn=False
2025-04-27 00:42:18 [INFO ] Test results: [<tf.Tensor: shape=(), dtype=float32, numpy=0.15253974497318268>, {'acc': <tf.Tensor: shape=(), dtype=float32, numpy=0.8162583708763123>, 'precision': <tf.Tensor: shape=(), dtype=float32, numpy=0.8100571632385254>, 'recall': <tf.Tensor: shape=(), dtype=float32, numpy=0.8162583708763123>}]
2025-04-27 00:42:19 [INFO ] Event: Sleep stage W
2025-04-27 00:42:19 [INFO ]   Count: 139
2025-04-27 00:42:19 [INFO ]   Percentage: 15.48%
2025-04-27 00:42:19 [INFO ]   Mean Duration: 27.80s
2025-04-27 00:42:19 [INFO ]   Max Duration: 65.00s
2025-04-27 00:42:19 [INFO ]   Frequency: 19.12/hour
2025-04-27 00:42:19 [INFO ]   Time Pattern: [30.0, 120.0, 60.0, 30.0, 2640.0, 30.0, 30.0, 30.0, 17.40234375, 12.59765625, 30.0, 30.0, 30.0, 30.0, 30.0, 30.0, 30.0, 30.0, 30.0, 30.0, 30.0, 30.0, 30.0, 30.0, 23.40234375, 6.59765625, 30.0, 10.40234375, 19.59765625, 30.0, 9.40234375, 20.59765625, 30.0, 23.40234375, 6.59765625, 30.0, 30.0, 30.0, 30.0, 22.484375, 7.515625, 30.0, 30.0, 30.0, 683.75, 6.25, 60.0, 30.0, 30.0, 4193.79296875, 396.20703125, 2261.90234375, 78.09765625, 30.0, 30.0, 30.0, 30.0, 30.0, 30.0, 30.0, 30.0, 30.0, 30.0, 30.0, 30.0, 30.0, 30.0, 90.0, 211.01171875, 28.98828125, 30.0, 30.0, 30.0, 30.0, 30.0, 25.40234375, 4.59765625, 30.0, 270.0, 19.99609375, 10.00390625, 30.0, 30.0, 30.0, 30.0, 180.0, 1433.96484375, 4206.03515625, 30.0, 9.40234375, 20.59765625, 30.0, 60.0, 30.0, 30.0, 26.40234375, 3.59765625, 30.0, 30.0, 30.0, 1583.74609375, 396.25390625, 30.0, 30.0, 30.0, 60.0, 30.0, 30.0, 30.0, 90.0, 30.0, 660.0, 498.66796875, 371.33203125, 22.93359375, 907.06640625, 30.0, 30.0, 198.85546875, 161.14453125, 751.93359375, 1359.796875, 288.26953125, 1380.0, 26.90234375, 3.09765625, 210.0, 510.0, 9.40234375, 20.59765625, 30.0, 30.0, 270.0, 60.0, 30.0, 30.0, 30.0, 30.0]
2025-04-27 00:42:19 [INFO ] Event: Sleep stage N1
2025-04-27 00:42:19 [INFO ]   Count: 0
2025-04-27 00:42:19 [INFO ]   Percentage: 0.00%
2025-04-27 00:42:19 [INFO ]   Mean Duration: 0.00s
2025-04-27 00:42:19 [INFO ]   Max Duration: 0.00s
2025-04-27 00:42:19 [INFO ]   Frequency: 0.00/hour
2025-04-27 00:42:19 [INFO ]   Time Pattern: []
2025-04-27 00:42:19 [INFO ] Event: Sleep stage N2
2025-04-27 00:42:19 [INFO ]   Count: 416
2025-04-27 00:42:19 [INFO ]   Percentage: 46.33%
2025-04-27 00:42:19 [INFO ]   Mean Duration: 29.95s
2025-04-27 00:42:19 [INFO ]   Max Duration: 290.00s
2025-04-27 00:42:19 [INFO ]   Frequency: 57.24/hour
2025-04-27 00:42:19 [INFO ]   Time Pattern: [60.0, 150.0, 60.0, 3570.0, 30.0, 30.0, 30.0, 30.0, 30.0, 30.0, 30.0, 30.0, 30.0, 30.0, 30.0, 30.0, 30.0, 30.0, 30.0, 30.0, 30.0, 30.0, 30.0, 30.0, 30.0, 60.0, 120.0, 30.0, 8.375, 21.625, 7.40234375, 20.0, 2.59765625, 30.0, 30.0, 30.0, 30.0, 30.0, 30.0, 30.0, 30.0, 30.0, 30.0, 30.0, 30.0, 30.0, 30.0, 30.0, 30.0, 30.0, 30.0, 60.0, 839.25, 30.75, 30.0, 30.0, 30.0, 60.0, 90.0, 990.0, 30.0, 90.0, 90.0, 390.0, 30.0, 30.0, 435.40234375, 82.375, 11.625, 610.59765625, 30.0, 30.0, 30.0, 30.0, 30.0, 30.0, 30.0, 17.26171875, 12.73828125, 30.0, 30.0, 30.0, 30.0, 30.0, 30.0, 30.0, 30.0, 30.0, 30.0, 30.0, 30.0, 30.0, 30.0, 30.0, 30.0, 30.0, 30.0, 30.0, 30.0, 30.0, 30.0, 30.0, 30.0, 30.0, 60.0, 30.0, 30.0, 30.0, 30.0, 60.0, 30.0, 30.0, 990.0, 510.0, 510.0, 30.0, 0.40234375, 29.59765625, 30.0, 30.0, 30.0, 30.0, 30.0, 210.0, 30.0, 30.0, 30.0, 30.0, 60.0, 30.0, 30.0, 30.0, 30.0, 30.0, 30.0, 30.0, 9.80859375, 20.19140625, 30.0, 30.0, 30.0, 30.0, 30.0, 25.73046875, 4.26953125, 30.0, 30.0, 30.0, 30.0, 30.0, 30.0, 30.0, 30.0, 30.0, 30.0, 30.0, 30.0, 30.0, 30.0, 30.0, 30.0, 30.0, 30.0, 30.0, 30.0, 30.0, 30.0, 30.0, 30.0, 30.0, 30.0, 30.0, 30.0, 30.0, 30.0, 30.0, 30.0, 10.40234375, 19.59765625, 30.0, 30.0, 30.0, 30.0, 30.0, 30.0, 30.0, 30.0, 30.0, 30.0, 30.0, 30.0, 30.0, 30.0, 30.0, 30.0, 30.0, 30.0, 30.0, 30.0, 30.0, 60.0, 30.0, 30.0, 30.0, 30.0, 90.0, 3660.0, 30.0, 30.0, 30.0, 30.0, 30.0, 317.71484375, 1108.6875, 163.59765625, 30.0, 30.0, 30.0, 30.0, 30.0, 30.0, 150.0, 90.40234375, 51.3125, 8.28515625, 30.0, 90.0, 30.0, 30.0, 30.0, 30.0, 30.0, 30.0, 5.40234375, 24.59765625, 30.0, 30.0, 30.0, 30.0, 30.0, 30.0, 30.0, 30.0, 30.0, 30.0, 30.0, 30.0, 30.0, 60.0, 30.0, 30.0, 30.0, 30.0, 30.0, 30.0, 30.0, 30.0, 30.0, 30.0, 30.0, 30.0, 30.0, 30.0, 60.0, 30.0, 30.0, 30.0, 30.0, 30.0, 30.0, 30.0, 30.0, 30.0, 30.0, 30.0, 60.0, 30.0, 30.0, 30.0, 30.0, 30.0, 30.0, 30.0, 30.0, 30.0, 30.0, 30.0, 30.0, 30.0, 30.0, 30.0, 30.0, 30.0, 30.0, 30.0, 30.0, 30.0, 30.0, 30.0, 30.0, 30.0, 30.0, 30.0, 30.0, 30.0, 120.0, 30.0, 30.0, 30.0, 30.0, 30.0, 30.0, 30.0, 30.0, 30.0, 30.0, 60.0, 30.0, 30.0, 331.40234375, 57.0, 48.109375, 256.890625, 197.0, 209.25, 897.75, 42.59765625, 30.0, 30.0, 30.0, 30.0, 30.0, 30.0, 30.0, 30.0, 37.60546875, 22.39453125, 30.0, 30.0, 30.0, 30.0, 30.0, 30.0, 30.0, 30.0, 30.0, 30.0, 30.0, 30.0, 30.0, 30.0, 4.40234375, 25.59765625, 30.0, 30.0, 30.0, 30.0, 30.0, 30.0, 30.0, 30.0, 30.0, 30.0, 30.0, 30.0, 30.0, 30.0, 30.0, 27.40234375, 2.59765625, 30.0, 30.0, 30.0, 30.0, 30.0, 30.0, 30.0, 60.0, 30.0, 30.0, 30.0, 30.0, 35.83984375, 84.16015625, 30.0, 30.0, 30.0, 30.0, 60.0, 30.0, 30.0, 30.0, 30.0, 30.0, 30.0, 30.0, 30.0, 30.0, 30.0, 30.0, 30.0, 30.0, 30.0, 30.0, 7.40234375, 92.0, 50.59765625, 30.0, 30.0, 30.0, 30.0, 30.0, 30.0, 30.0, 60.0]
2025-04-27 00:42:19 [INFO ] Event: Sleep stage 4
2025-04-27 00:42:19 [INFO ]   Count: 332
2025-04-27 00:42:19 [INFO ]   Percentage: 36.97%
2025-04-27 00:42:19 [INFO ]   Mean Duration: 29.32s
2025-04-27 00:42:19 [INFO ]   Max Duration: 36.00s
2025-04-27 00:42:19 [INFO ]   Frequency: 45.68/hour
2025-04-27 00:42:19 [INFO ]   Time Pattern: [90.0, 120.0, 60.0, 30.0, 30.0, 30.0, 30.0, 30.0, 30.0, 30.0, 30.0, 30.0, 30.0, 30.0, 30.0, 30.0, 30.0, 30.0, 30.0, 30.0, 30.0, 30.0, 30.0, 30.0, 30.0, 30.0, 27.40234375, 2.59765625, 30.0, 30.0, 30.0, 30.0, 30.0, 30.0, 30.0, 30.0, 30.0, 30.0, 30.0, 30.0, 30.0, 30.0, 30.0, 30.0, 30.0, 30.0, 30.0, 30.0, 30.0, 30.0, 30.0, 30.0, 30.0, 30.0, 30.0, 30.0, 30.0, 30.0, 30.0, 30.0, 30.0, 30.0, 30.0, 30.0, 30.0, 30.0, 30.0, 30.0, 30.0, 30.0, 30.0, 30.0, 30.0, 30.0, 30.0, 30.0, 30.0, 30.0, 30.0, 30.0, 30.0, 30.0, 30.0, 30.0, 30.0, 30.0, 16.6875, 13.3125, 5.40234375, 2514.59765625, 60.0, 30.0, 30.0, 30.0, 30.0, 30.0, 30.0, 30.0, 30.0, 30.0, 30.0, 30.0, 30.0, 30.0, 30.0, 30.0, 30.0, 30.0, 30.0, 30.0, 30.0, 23.03125, 6.96875, 30.0, 30.0, 26.75, 3.25, 30.0, 30.0, 14.46875, 15.53125, 150.0, 60.0, 30.0, 60.0, 30.0, 30.0, 30.0, 30.0, 30.0, 30.0, 30.0, 30.0, 30.0, 30.0, 30.0, 30.0, 30.0, 30.0, 30.0, 30.0, 30.0, 30.0, 30.0, 30.0, 30.0, 30.0, 30.0, 30.0, 30.0, 30.0, 30.0, 30.0, 25.53125, 4.46875, 25.34375, 4.65625, 9.40234375, 20.59765625, 90.0, 30.0, 60.0, 30.0, 60.0, 30.0, 30.0, 30.0, 30.0, 30.0, 30.0, 30.0, 5.671875, 24.328125, 6.13671875, 23.86328125, 30.0, 30.0, 2250.0, 180.0, 120.0, 30.0, 30.0, 30.0, 30.0, 30.0, 30.0, 30.0, 30.0, 30.0, 30.0, 30.0, 30.0, 30.0, 30.0, 30.0, 30.0, 30.0, 30.0, 30.0, 30.0, 30.0, 30.0, 30.0, 30.0, 30.0, 30.0, 30.0, 30.0, 30.0, 30.0, 30.0, 3.08984375, 506.91015625, 3210.0, 180.0, 30.0, 60.0, 30.0, 30.0, 30.0, 30.0, 30.0, 30.0, 30.0, 30.0, 30.0, 30.0, 30.0, 30.0, 30.0, 30.0, 30.0, 30.0, 30.0, 30.0, 30.0, 30.0, 30.0, 30.0, 30.0, 30.0, 30.0, 30.0, 30.0, 30.0, 30.0, 30.0, 30.0, 30.0, 30.0, 30.0, 30.0, 30.0, 30.0, 30.0, 30.0, 30.0, 30.0, 30.0, 30.0, 30.0, 30.0, 30.0, 30.0, 30.0, 30.0, 30.0, 30.0, 30.0, 30.0, 30.0, 30.0, 30.0, 30.0, 30.0, 30.0, 30.0, 30.0, 30.0, 30.0, 30.0, 30.0, 30.0, 30.0, 30.0, 30.0, 30.0, 30.0, 30.0, 30.0, 30.0, 30.0, 30.0, 30.0, 30.0, 30.0, 30.0, 30.0, 30.0, 30.0, 30.0, 30.0, 30.0, 30.0, 30.0, 30.0, 30.0, 30.0, 30.0, 30.0, 30.0, 30.0, 30.0, 30.0, 30.0, 30.0, 30.0, 30.0, 30.0, 30.0, 30.0, 30.0, 30.0, 30.0, 30.0, 31.40234375, 118.59765625, 3690.0, 1306.93359375, 4033.06640625, 240.0]
2025-04-27 00:42:19 [INFO ] Event: Unknown Label 4
2025-04-27 00:42:19 [INFO ]   Count: 0
2025-04-27 00:42:19 [INFO ]   Percentage: 0.00%
2025-04-27 00:42:19 [INFO ]   Mean Duration: 0.00s
2025-04-27 00:42:19 [INFO ]   Max Duration: 0.00s
2025-04-27 00:42:19 [INFO ]   Frequency: 0.00/hour
2025-04-27 00:42:19 [INFO ]   Time Pattern: []
2025-04-27 00:42:19 [INFO ] Event: Movement time
2025-04-27 00:42:19 [INFO ]   Count: 0
2025-04-27 00:42:19 [INFO ]   Percentage: 0.00%
2025-04-27 00:42:19 [INFO ]   Mean Duration: 0.00s
2025-04-27 00:42:19 [INFO ]   Max Duration: 0.00s
2025-04-27 00:42:19 [INFO ]   Frequency: 0.00/hour
2025-04-27 00:42:19 [INFO ]   Time Pattern: []
2025-04-27 00:42:19 [INFO ] Event: Obstructive Apnea
2025-04-27 00:42:19 [INFO ]   Count: 0
2025-04-27 00:42:19 [INFO ]   Percentage: 0.00%
2025-04-27 00:42:19 [INFO ]   Mean Duration: 0.00s
2025-04-27 00:42:19 [INFO ]   Max Duration: 0.00s
2025-04-27 00:42:19 [INFO ]   Frequency: 0.00/hour
2025-04-27 00:42:19 [INFO ]   Time Pattern: []
2025-04-27 00:42:19 [INFO ] Event: Obstructive Hyponea
2025-04-27 00:42:19 [INFO ]   Count: 0
2025-04-27 00:42:19 [INFO ]   Percentage: 0.00%
2025-04-27 00:42:19 [INFO ]   Mean Duration: 0.00s
2025-04-27 00:42:19 [INFO ]   Max Duration: 0.00s
2025-04-27 00:42:19 [INFO ]   Frequency: 0.00/hour
2025-04-27 00:42:19 [INFO ]   Time Pattern: []
2025-04-27 00:42:19 [INFO ] Event: Mixed Apnea
2025-04-27 00:42:19 [INFO ]   Count: 0
2025-04-27 00:42:19 [INFO ]   Percentage: 0.00%
2025-04-27 00:42:19 [INFO ]   Mean Duration: 0.00s
2025-04-27 00:42:19 [INFO ]   Max Duration: 0.00s
2025-04-27 00:42:19 [INFO ]   Frequency: 0.00/hour
2025-04-27 00:42:19 [INFO ]   Time Pattern: []
2025-04-27 00:42:19 [INFO ] Event: Oxygen Desaturation
2025-04-27 00:42:19 [INFO ]   Count: 10
2025-04-27 00:42:19 [INFO ]   Percentage: 1.11%
2025-04-27 00:42:19 [INFO ]   Mean Duration: 10.38s
2025-04-27 00:42:19 [INFO ]   Max Duration: 17.00s
2025-04-27 00:42:19 [INFO ]   Frequency: 1.38/hour
2025-04-27 00:42:19 [INFO ]   Time Pattern: [537.078125, 294.921875, 2759.296875, 8082.703125, 364.0, 140.59375, 5900.40625, 211.0, 330.0]
2025-04-27 00:42:19 [INFO ] Event: EEG arousal
2025-04-27 00:42:19 [INFO ]   Count: 1
2025-04-27 00:42:19 [INFO ]   Percentage: 0.11%
2025-04-27 00:42:19 [INFO ]   Mean Duration: 6.06s
2025-04-27 00:42:19 [INFO ]   Max Duration: 6.06s
2025-04-27 00:42:19 [INFO ]   Frequency: 0.14/hour
2025-04-27 00:42:19 [INFO ]   Time Pattern: []
2025-04-27 00:42:19 [INFO ] Event: Hypopnea
2025-04-27 00:42:19 [INFO ]   Count: 0
2025-04-27 00:42:19 [INFO ]   Percentage: 0.00%
2025-04-27 00:42:19 [INFO ]   Mean Duration: 0.00s
2025-04-27 00:42:19 [INFO ]   Max Duration: 0.00s
2025-04-27 00:42:19 [INFO ]   Frequency: 0.00/hour
2025-04-27 00:42:19 [INFO ]   Time Pattern: []
2025-04-27 00:42:19 [INFO ] Event: Periodic Spikes
2025-04-27 00:42:19 [INFO ]   Count: 0
2025-04-27 00:42:19 [INFO ]   Percentage: 0.00%
2025-04-27 00:42:19 [INFO ]   Mean Duration: 0.00s
2025-04-27 00:42:19 [INFO ]   Max Duration: 0.00s
2025-04-27 00:42:19 [INFO ]   Frequency: 0.00/hour
2025-04-27 00:42:19 [INFO ]   Time Pattern: []
2025-04-27 00:42:19 [INFO ] Event: Periodic Spikes/ Discharge.
2025-04-27 00:42:19 [INFO ]   Count: 0
2025-04-27 00:42:19 [INFO ]   Percentage: 0.00%
2025-04-27 00:42:19 [INFO ]   Mean Duration: 0.00s
2025-04-27 00:42:19 [INFO ]   Max Duration: 0.00s
2025-04-27 00:42:19 [INFO ]   Frequency: 0.00/hour
2025-04-27 00:42:19 [INFO ]   Time Pattern: []
2025-04-27 00:42:19 [INFO ] Event: Possible seizure
2025-04-27 00:42:19 [INFO ]   Count: 0
2025-04-27 00:42:19 [INFO ]   Percentage: 0.00%
2025-04-27 00:42:19 [INFO ]   Mean Duration: 0.00s
2025-04-27 00:42:19 [INFO ]   Max Duration: 0.00s
2025-04-27 00:42:19 [INFO ]   Frequency: 0.00/hour
2025-04-27 00:42:19 [INFO ]   Time Pattern: []
2025-04-27 00:42:19 [INFO ] Event: Possible tonic Seizure
2025-04-27 00:42:19 [INFO ]   Count: 0
2025-04-27 00:42:19 [INFO ]   Percentage: 0.00%
2025-04-27 00:42:19 [INFO ]   Mean Duration: 0.00s
2025-04-27 00:42:19 [INFO ]   Max Duration: 0.00s
2025-04-27 00:42:19 [INFO ]   Frequency: 0.00/hour
2025-04-27 00:42:19 [INFO ]   Time Pattern: []
2025-04-27 08:28:13 [INFO ] Loaded 8 subjects from sleepedfx
2025-04-27 08:28:13 [INFO ] Subject 10006 -> Files: ['./data/processed/data_10006.pkl']
2025-04-27 08:28:13 [INFO ] Subject 10012 -> Files: ['./data/processed/data_10012.pkl']
2025-04-27 08:28:13 [INFO ] Subject 10015 -> Files: ['./data/processed/data_10015.pkl']
2025-04-27 08:28:13 [INFO ] Subject 10018 -> Files: ['./data/processed/data_10018.pkl']
2025-04-27 08:28:13 [INFO ] Subject 10030 -> Files: ['./data/processed/data_10030.pkl']
2025-04-27 08:28:13 [INFO ] Subject 10036 -> Files: ['./data/processed/data_10036.pkl']
2025-04-27 08:28:13 [INFO ] Subject 10003 -> Files: ['./data/processed/data_10003.pkl']
2025-04-27 08:28:13 [INFO ] Subject 10000 -> Files: ['./data/processed/data_10000.pkl']
2025-04-27 08:28:13 [INFO ] Train set: 4625 samples
2025-04-27 08:28:13 [INFO ] Valid set: 900 samples
2025-04-27 08:28:13 [INFO ] Test set: 898 samples
2025-04-27 08:28:13 [INFO ] Sleep stage W: 1304
2025-04-27 08:28:13 [INFO ] Sleep stage N1: 57
2025-04-27 08:28:13 [INFO ] Sleep stage N2: 1664
2025-04-27 08:28:13 [INFO ] Sleep stage N3: 1266
2025-04-27 08:28:13 [INFO ] Obstructive Apnea: 8
2025-04-27 08:28:13 [INFO ] Mixed Apnea: 1
2025-04-27 08:28:13 [INFO ] Oxygen Desaturation: 184
2025-04-27 08:28:13 [INFO ] EEG arousal: 137
2025-04-27 08:28:13 [INFO ] Hypopnea: 4
2025-04-27 08:28:13 [INFO ] Class counts before SMOTE : {0: 1304, 1: 57, 2: 1664, 3: 1266, 6: 8, 8: 1, 9: 184, 10: 137, 11: 4}
2025-04-27 08:28:13 [INFO ] Using k_neighbors=1 for SMOTE
2025-04-27 08:28:14 [ERROR] SMOTE failed: Expected n_neighbors <= n_samples_fit, but n_neighbors = 2, n_samples_fit = 1, n_samples = 1. Using original data instead.
2025-04-27 08:28:14 [INFO ] After SMOTE resampling:
2025-04-27 08:28:14 [INFO ] Sleep stage W: 1304
2025-04-27 08:28:14 [INFO ] Sleep stage N1: 57
2025-04-27 08:28:14 [INFO ] Sleep stage N2: 1664
2025-04-27 08:28:14 [INFO ] Sleep stage N3: 1266
2025-04-27 08:28:14 [INFO ] Obstructive Apnea: 8
2025-04-27 08:28:14 [INFO ] Mixed Apnea: 1
2025-04-27 08:28:14 [INFO ] Oxygen Desaturation: 184
2025-04-27 08:28:14 [INFO ] EEG arousal: 137
2025-04-27 08:28:14 [INFO ] Hypopnea: 4
2025-04-27 08:28:15 [INFO ] Initializing NeuroSight with 16 classes, use_rnn=False
2025-04-27 09:12:03 [INFO ] Loaded 8 subjects from sleepedfx
2025-04-27 09:12:03 [INFO ] Subject 10006 -> Files: ['./data/processed/data_10006.pkl']
2025-04-27 09:12:03 [INFO ] Subject 10012 -> Files: ['./data/processed/data_10012.pkl']
2025-04-27 09:12:03 [INFO ] Subject 10015 -> Files: ['./data/processed/data_10015.pkl']
2025-04-27 09:12:03 [INFO ] Subject 10018 -> Files: ['./data/processed/data_10018.pkl']
2025-04-27 09:12:03 [INFO ] Subject 10030 -> Files: ['./data/processed/data_10030.pkl']
2025-04-27 09:12:03 [INFO ] Subject 10036 -> Files: ['./data/processed/data_10036.pkl']
2025-04-27 09:12:03 [INFO ] Subject 10003 -> Files: ['./data/processed/data_10003.pkl']
2025-04-27 09:12:03 [INFO ] Subject 10000 -> Files: ['./data/processed/data_10000.pkl']
2025-04-27 09:12:03 [INFO ] Train set: 4625 samples
2025-04-27 09:12:03 [INFO ] Valid set: 900 samples
2025-04-27 09:12:03 [INFO ] Test set: 898 samples
2025-04-27 09:12:03 [INFO ] Sleep stage W: 1304
2025-04-27 09:12:03 [INFO ] Sleep stage N1: 57
2025-04-27 09:12:03 [INFO ] Sleep stage N2: 1664
2025-04-27 09:12:03 [INFO ] Sleep stage N3: 1266
2025-04-27 09:12:03 [INFO ] Obstructive Apnea: 8
2025-04-27 09:12:03 [INFO ] Mixed Apnea: 1
2025-04-27 09:12:03 [INFO ] Oxygen Desaturation: 184
2025-04-27 09:12:03 [INFO ] EEG arousal: 137
2025-04-27 09:12:03 [INFO ] Hypopnea: 4
2025-04-27 09:12:04 [INFO ] After augmentation:
2025-04-27 09:12:04 [INFO ] Sleep stage W: 1304
2025-04-27 09:12:04 [INFO ] Sleep stage N1: 627
2025-04-27 09:12:04 [INFO ] Sleep stage N2: 1664
2025-04-27 09:12:04 [INFO ] Sleep stage N3: 1266
2025-04-27 09:12:04 [INFO ] Obstructive Apnea: 88
2025-04-27 09:12:04 [INFO ] Mixed Apnea: 11
2025-04-27 09:12:04 [INFO ] Oxygen Desaturation: 184
2025-04-27 09:12:04 [INFO ] EEG arousal: 137
2025-04-27 09:12:04 [INFO ] Hypopnea: 44
2025-04-27 09:12:04 [INFO ] After manual oversampling:
2025-04-27 09:12:04 [INFO ] Sleep stage W: 1304
2025-04-27 09:12:04 [INFO ] Sleep stage N1: 627
2025-04-27 09:12:04 [INFO ] Sleep stage N2: 1664
2025-04-27 09:12:04 [INFO ] Sleep stage N3: 1266
2025-04-27 09:12:04 [INFO ] Obstructive Apnea: 88
2025-04-27 09:12:04 [INFO ] Mixed Apnea: 11
2025-04-27 09:12:04 [INFO ] Oxygen Desaturation: 184
2025-04-27 09:12:04 [INFO ] EEG arousal: 137
2025-04-27 09:12:04 [INFO ] Hypopnea: 44
2025-04-27 09:12:04 [INFO ] Initializing NeuroSight with 16 classes, use_rnn=False
2025-04-27 10:23:05 [INFO ] Test results: [<tf.Tensor: shape=(), dtype=float32, numpy=11.476273536682129>, {'acc': <tf.Tensor: shape=(), dtype=float32, numpy=0.2795100212097168>, 'precision': <tf.Tensor: shape=(), dtype=float32, numpy=0.3965386748313904>, 'recall': <tf.Tensor: shape=(), dtype=float32, numpy=0.2795099914073944>}]
2025-04-27 10:23:07 [INFO ] Event: Sleep stage W
2025-04-27 10:23:07 [INFO ]   Count: 175
2025-04-27 10:23:07 [INFO ]   Percentage: 19.49%
2025-04-27 10:23:07 [INFO ]   Mean Duration: 27.13s
2025-04-27 10:23:07 [INFO ]   Max Duration: 49.00s
2025-04-27 10:23:07 [INFO ]   Frequency: 24.08/hour
2025-04-27 10:23:07 [INFO ]   Time Pattern: [60.0, 30.0, 30.0, 60.0, 30.0, 30.0, 30.0, 60.0, 30.0, 60.0, 60.0, 30.0, 30.0, 30.0, 30.0, 60.0, 30.0, 60.0, 30.0, 60.0, 30.0, 60.0, 30.0, 30.0, 30.0, 30.0, 30.0, 30.0, 30.0, 30.0, 30.0, 90.0, 30.0, 60.0, 30.0, 30.0, 30.0, 60.0, 120.0, 120.0, 30.0, 150.0, 90.0, 30.0, 270.0, 60.0, 30.0, 60.0, 90.0, 30.0, 30.0, 30.0, 30.0, 30.0, 60.0, 30.0, 30.0, 60.0, 30.0, 30.0, 30.0, 30.0, 30.0, 30.0, 30.0, 30.0, 23.40234375, 6.59765625, 30.0, 10.40234375, 19.59765625, 30.0, 9.40234375, 20.59765625, 30.0, 23.40234375, 6.59765625, 30.0, 60.0, 30.0, 22.484375, 7.515625, 30.0, 720.0, 900.0, 300.0, 30.0, 330.0, 56.75, 77.71875, 345.53125, 60.0, 30.0, 150.0, 300.0, 180.0, 300.0, 390.0, 30.0, 30.0, 30.0, 803.79296875, 396.20703125, 1230.0, 270.0, 761.90234375, 18.09765625, 90.0, 30.0, 30.0, 30.0, 30.0, 180.0, 30.0, 341.69921875, 19.3125, 58.98828125, 60.0, 390.0, 19.99609375, 40.00390625, 1680.0, 810.0, 330.0, 30.0, 150.0, 300.0, 120.0, 510.0, 180.0, 150.0, 870.0, 30.0, 30.0, 120.0, 90.0, 510.0, 1.40234375, 28.59765625, 9.40234375, 20.59765625, 90.0, 30.0, 30.0, 26.40234375, 1677.34375, 175.25, 431.40625, 51.3125, 71.96875, 1166.31640625, 18.66796875, 371.33203125, 22.93359375, 877.06640625, 16.93359375, 43.06640625, 30.0, 180.0, 18.85546875, 913.078125, 437.71875, 922.078125, 538.671875, 707.0, 428.4375, 684.16015625, 69.40234375, 20.59765625, 60.0, 60.0, 30.0, 30.0, 330.0]
2025-04-27 10:23:07 [INFO ] Event: Sleep stage N1
2025-04-27 10:23:07 [INFO ]   Count: 256
2025-04-27 10:23:07 [INFO ]   Percentage: 28.51%
2025-04-27 10:23:07 [INFO ]   Mean Duration: 29.59s
2025-04-27 10:23:07 [INFO ]   Max Duration: 30.00s
2025-04-27 10:23:07 [INFO ]   Frequency: 35.22/hour
2025-04-27 10:23:07 [INFO ]   Time Pattern: [60.0, 30.0, 90.0, 120.0, 120.0, 150.0, 2417.40234375, 42.59765625, 120.0, 540.0, 150.0, 30.0, 90.0, 30.0, 30.0, 60.0, 90.0, 60.0, 120.0, 30.0, 90.0, 83.75, 6.25, 30.0, 90.0, 60.0, 30.0, 30.0, 60.0, 60.0, 30.0, 30.0, 30.0, 30.0, 30.0, 30.0, 30.0, 60.0, 60.0, 30.0, 30.0, 60.0, 30.0, 60.0, 660.0, 60.0, 30.0, 29.25, 0.75, 90.0, 30.0, 30.0, 30.0, 60.0, 30.0, 90.0, 180.0, 625.53125, 124.46875, 30.0, 60.0, 30.0, 30.0, 30.0, 60.0, 360.0, 30.0, 1140.0, 30.0, 90.0, 60.0, 30.0, 60.0, 30.0, 30.0, 30.0, 210.0, 60.0, 60.0, 30.0, 150.0, 30.0, 30.0, 60.0, 30.0, 30.0, 60.0, 60.0, 240.0, 870.0, 210.0, 30.0, 30.0, 60.0, 90.0, 30.0, 30.0, 450.0, 360.0, 60.0, 60.0, 120.0, 60.0, 120.0, 30.0, 90.0, 60.0, 180.0, 60.0, 30.0, 120.0, 60.0, 60.0, 90.0, 180.0, 60.0, 30.0, 30.0, 30.0, 210.0, 30.0, 30.0, 90.0, 60.0, 30.0, 30.0, 60.0, 30.0, 30.0, 30.0, 30.0, 90.0, 90.0, 60.0, 30.0, 30.0, 60.0, 90.0, 30.0, 60.0, 60.0, 30.0, 1200.0, 2040.0, 120.0, 30.0, 150.0, 30.0, 60.0, 1590.0, 180.0, 60.0, 210.0, 30.0, 60.0, 30.0, 30.0, 210.0, 120.0, 30.0, 60.0, 30.0, 60.0, 30.0, 60.0, 60.0, 90.0, 60.0, 60.0, 30.0, 30.0, 30.0, 30.0, 30.0, 150.0, 30.0, 30.0, 60.0, 30.0, 120.0, 90.0, 30.0, 60.0, 180.0, 30.0, 60.0, 30.0, 30.0, 90.0, 30.0, 30.0, 90.0, 30.0, 30.0, 30.0, 60.0, 30.0, 150.0, 240.0, 30.0, 90.0, 30.0, 30.0, 2040.0, 90.0, 120.0, 60.0, 30.0, 30.0, 30.0, 30.0, 30.0, 60.0, 60.0, 30.0, 60.0, 30.0, 30.0, 60.0, 120.0, 180.0, 60.0, 30.0, 30.0, 60.0, 30.0, 30.0, 30.0, 30.0, 30.0, 60.0, 30.0, 60.0, 30.0, 30.0, 30.0, 30.0, 26.90234375, 3.09765625, 120.0, 60.0, 60.0, 30.0, 150.0, 30.0, 90.0, 30.0, 120.0, 90.0, 180.0, 90.0, 60.0, 60.0, 30.0, 30.0]
2025-04-27 10:23:07 [INFO ] Event: Sleep stage N2
2025-04-27 10:23:07 [INFO ]   Count: 27
2025-04-27 10:23:07 [INFO ]   Percentage: 3.01%
2025-04-27 10:23:07 [INFO ]   Mean Duration: 34.97s
2025-04-27 10:23:07 [INFO ]   Max Duration: 290.00s
2025-04-27 10:23:07 [INFO ]   Frequency: 3.71/hour
2025-04-27 10:23:07 [INFO ]   Time Pattern: [20.0, 3798.0, 82.375, 11.625, 863.0, 1067.59765625, 1915.40234375, 95.0, 789.40625, 195.921875, 974.671875, 13.5625, 5033.75, 1108.6875, 949.0, 3086.0, 57.0, 48.109375, 256.890625, 197.0, 1107.0, 352.0, 415.0, 126.0, 1527.0, 92.0]
2025-04-27 10:23:07 [INFO ] Event: Sleep stage 4
2025-04-27 10:23:07 [INFO ]   Count: 200
2025-04-27 10:23:07 [INFO ]   Percentage: 22.27%
2025-04-27 10:23:07 [INFO ]   Mean Duration: 29.27s
2025-04-27 10:23:07 [INFO ]   Max Duration: 30.00s
2025-04-27 10:23:07 [INFO ]   Frequency: 27.52/hour
2025-04-27 10:23:07 [INFO ]   Time Pattern: [60.0, 180.0, 90.0, 87.40234375, 2.59765625, 90.0, 330.0, 30.0, 90.0, 150.0, 60.0, 30.0, 30.0, 60.0, 30.0, 30.0, 90.0, 30.0, 30.0, 30.0, 60.0, 30.0, 90.0, 30.0, 30.0, 30.0, 30.0, 30.0, 30.0, 30.0, 60.0, 90.0, 60.0, 30.0, 16.6875, 18.71484375, 2634.59765625, 30.0, 30.0, 30.0, 30.0, 30.0, 30.0, 30.0, 90.0, 30.0, 30.0, 30.0, 30.0, 30.0, 30.0, 30.0, 30.0, 23.03125, 6.96875, 90.0, 540.0, 30.0, 30.0, 90.0, 30.0, 30.0, 30.0, 30.0, 30.0, 30.0, 30.0, 30.0, 60.0, 30.0, 30.0, 30.0, 30.0, 60.0, 30.0, 30.0, 30.0, 25.34375, 4.65625, 9.40234375, 290.59765625, 60.0, 30.0, 30.0, 60.0, 30.0, 36.13671875, 2693.86328125, 60.0, 60.0, 30.0, 30.0, 30.0, 30.0, 30.0, 30.0, 30.0, 30.0, 30.0, 30.0, 30.0, 30.0, 30.0, 30.0, 30.0, 30.0, 30.0, 30.0, 30.0, 30.0, 30.0, 30.0, 30.0, 30.0, 33.08984375, 4286.91015625, 90.0, 30.0, 30.0, 30.0, 30.0, 30.0, 30.0, 30.0, 30.0, 60.0, 30.0, 30.0, 60.0, 30.0, 30.0, 30.0, 30.0, 30.0, 30.0, 30.0, 30.0, 30.0, 30.0, 30.0, 30.0, 30.0, 30.0, 30.0, 60.0, 60.0, 30.0, 30.0, 60.0, 30.0, 30.0, 30.0, 60.0, 30.0, 30.0, 30.0, 30.0, 30.0, 30.0, 30.0, 30.0, 30.0, 30.0, 30.0, 30.0, 30.0, 30.0, 30.0, 30.0, 30.0, 30.0, 30.0, 30.0, 30.0, 30.0, 30.0, 30.0, 60.0, 30.0, 120.0, 30.0, 30.0, 60.0, 30.0, 60.0, 30.0, 30.0, 30.0, 30.0, 30.0, 30.0, 30.0, 60.0, 30.0, 30.0, 30.0, 30.0, 30.0, 30.0]
2025-04-27 10:23:07 [INFO ] Event: Unknown Label 4
2025-04-27 10:23:07 [INFO ]   Count: 0
2025-04-27 10:23:07 [INFO ]   Percentage: 0.00%
2025-04-27 10:23:07 [INFO ]   Mean Duration: 0.00s
2025-04-27 10:23:07 [INFO ]   Max Duration: 0.00s
2025-04-27 10:23:07 [INFO ]   Frequency: 0.00/hour
2025-04-27 10:23:07 [INFO ]   Time Pattern: []
2025-04-27 10:23:07 [INFO ] Event: Movement time
2025-04-27 10:23:07 [INFO ]   Count: 0
2025-04-27 10:23:07 [INFO ]   Percentage: 0.00%
2025-04-27 10:23:07 [INFO ]   Mean Duration: 0.00s
2025-04-27 10:23:07 [INFO ]   Max Duration: 0.00s
2025-04-27 10:23:07 [INFO ]   Frequency: 0.00/hour
2025-04-27 10:23:07 [INFO ]   Time Pattern: []
2025-04-27 10:23:07 [INFO ] Event: Obstructive Apnea
2025-04-27 10:23:07 [INFO ]   Count: 0
2025-04-27 10:23:07 [INFO ]   Percentage: 0.00%
2025-04-27 10:23:07 [INFO ]   Mean Duration: 0.00s
2025-04-27 10:23:07 [INFO ]   Max Duration: 0.00s
2025-04-27 10:23:07 [INFO ]   Frequency: 0.00/hour
2025-04-27 10:23:07 [INFO ]   Time Pattern: []
2025-04-27 10:23:07 [INFO ] Event: Obstructive Hyponea
2025-04-27 10:23:07 [INFO ]   Count: 0
2025-04-27 10:23:07 [INFO ]   Percentage: 0.00%
2025-04-27 10:23:07 [INFO ]   Mean Duration: 0.00s
2025-04-27 10:23:07 [INFO ]   Max Duration: 0.00s
2025-04-27 10:23:07 [INFO ]   Frequency: 0.00/hour
2025-04-27 10:23:07 [INFO ]   Time Pattern: []
2025-04-27 10:23:07 [INFO ] Event: Mixed Apnea
2025-04-27 10:23:07 [INFO ]   Count: 0
2025-04-27 10:23:07 [INFO ]   Percentage: 0.00%
2025-04-27 10:23:07 [INFO ]   Mean Duration: 0.00s
2025-04-27 10:23:07 [INFO ]   Max Duration: 0.00s
2025-04-27 10:23:07 [INFO ]   Frequency: 0.00/hour
2025-04-27 10:23:07 [INFO ]   Time Pattern: []
2025-04-27 10:23:07 [INFO ] Event: Oxygen Desaturation
2025-04-27 10:23:07 [INFO ]   Count: 237
2025-04-27 10:23:07 [INFO ]   Percentage: 26.39%
2025-04-27 10:23:07 [INFO ]   Mean Duration: 29.58s
2025-04-27 10:23:07 [INFO ]   Max Duration: 30.00s
2025-04-27 10:23:07 [INFO ]   Frequency: 32.61/hour
2025-04-27 10:23:07 [INFO ]   Time Pattern: [90.0, 30.0, 60.0, 30.0, 3660.0, 30.0, 120.0, 60.0, 30.0, 60.0, 60.0, 30.0, 30.0, 90.0, 30.0, 60.0, 120.0, 30.0, 60.0, 38.375, 81.625, 60.0, 270.0, 60.0, 120.0, 930.0, 30.0, 150.0, 90.0, 930.0, 30.0, 390.0, 210.0, 620.40234375, 537.078125, 102.51953125, 30.0, 60.0, 90.0, 150.0, 30.0, 30.0, 30.0, 30.0, 30.0, 60.0, 60.0, 90.0, 30.0, 30.0, 30.0, 120.0, 120.0, 60.0, 90.0, 30.0, 30.0, 60.0, 960.0, 270.0, 210.0, 30.0, 240.0, 60.0, 60.0, 60.0, 30.0, 30.0, 30.0, 30.0, 30.0, 30.0, 30.0, 30.0, 30.0, 150.0, 60.0, 30.0, 30.0, 60.0, 60.0, 30.0, 30.0, 90.0, 30.0, 60.0, 60.0, 30.0, 30.0, 30.0, 30.0, 60.0, 90.0, 30.0, 30.0, 60.0, 60.0, 60.0, 30.0, 60.0, 30.0, 30.0, 30.0, 30.0, 60.0, 150.0, 30.0, 30.0, 30.0, 30.0, 150.0, 30.0, 60.0, 120.0, 180.0, 30.0, 60.0, 30.0, 60.0, 180.0, 30.0, 90.0, 60.0, 150.0, 30.0, 60.0, 2070.0, 630.0, 330.0, 210.0, 30.0, 30.0, 30.0, 90.0, 1468.40234375, 181.59765625, 30.0, 30.0, 30.0, 30.0, 60.0, 60.0, 30.0, 30.0, 30.0, 30.0, 30.0, 90.0, 120.0, 30.0, 30.0, 30.0, 30.0, 30.0, 60.0, 30.0, 30.0, 90.0, 90.0, 90.0, 60.0, 60.0, 30.0, 60.0, 60.0, 210.0, 30.0, 60.0, 120.0, 90.0, 30.0, 30.0, 60.0, 120.0, 60.0, 30.0, 30.0, 30.0, 30.0, 90.0, 120.0, 30.0, 120.0, 30.0, 150.0, 120.0, 120.0, 30.0, 30.0, 30.0, 60.0, 30.0, 90.0, 30.0, 2160.0, 30.0, 60.0, 30.0, 30.0, 60.0, 37.60546875, 172.39453125, 60.0, 90.0, 120.0, 60.0, 30.0, 30.0, 60.0, 30.0, 30.0, 30.0, 30.0, 60.0, 120.0, 210.0, 90.0, 210.0, 30.0, 30.0, 60.0, 60.0, 90.0, 30.0, 30.0, 30.0, 90.0, 30.0, 90.0, 30.0, 90.0, 120.0, 150.0, 30.0, 60.0, 60.0]
2025-04-27 10:23:07 [INFO ] Event: EEG arousal
2025-04-27 10:23:07 [INFO ]   Count: 2
2025-04-27 10:23:07 [INFO ]   Percentage: 0.22%
2025-04-27 10:23:07 [INFO ]   Mean Duration: 12.62s
2025-04-27 10:23:07 [INFO ]   Max Duration: 18.42s
2025-04-27 10:23:07 [INFO ]   Frequency: 0.28/hour
2025-04-27 10:23:07 [INFO ]   Time Pattern: [1571.58984375]
2025-04-27 10:23:07 [INFO ] Event: Hypopnea
2025-04-27 10:23:07 [INFO ]   Count: 1
2025-04-27 10:23:07 [INFO ]   Percentage: 0.11%
2025-04-27 10:23:07 [INFO ]   Mean Duration: 8.00s
2025-04-27 10:23:07 [INFO ]   Max Duration: 8.00s
2025-04-27 10:23:07 [INFO ]   Frequency: 0.14/hour
2025-04-27 10:23:07 [INFO ]   Time Pattern: []
2025-04-27 10:23:07 [INFO ] Event: Periodic Spikes
2025-04-27 10:23:07 [INFO ]   Count: 0
2025-04-27 10:23:07 [INFO ]   Percentage: 0.00%
2025-04-27 10:23:07 [INFO ]   Mean Duration: 0.00s
2025-04-27 10:23:07 [INFO ]   Max Duration: 0.00s
2025-04-27 10:23:07 [INFO ]   Frequency: 0.00/hour
2025-04-27 10:23:07 [INFO ]   Time Pattern: []
2025-04-27 10:23:07 [INFO ] Event: Periodic Spikes/ Discharge.
2025-04-27 10:23:07 [INFO ]   Count: 0
2025-04-27 10:23:07 [INFO ]   Percentage: 0.00%
2025-04-27 10:23:07 [INFO ]   Mean Duration: 0.00s
2025-04-27 10:23:07 [INFO ]   Max Duration: 0.00s
2025-04-27 10:23:07 [INFO ]   Frequency: 0.00/hour
2025-04-27 10:23:07 [INFO ]   Time Pattern: []
2025-04-27 10:23:07 [INFO ] Event: Possible seizure
2025-04-27 10:23:07 [INFO ]   Count: 0
2025-04-27 10:23:07 [INFO ]   Percentage: 0.00%
2025-04-27 10:23:07 [INFO ]   Mean Duration: 0.00s
2025-04-27 10:23:07 [INFO ]   Max Duration: 0.00s
2025-04-27 10:23:07 [INFO ]   Frequency: 0.00/hour
2025-04-27 10:23:07 [INFO ]   Time Pattern: []
2025-04-27 10:23:07 [INFO ] Event: Possible tonic Seizure
2025-04-27 10:23:07 [INFO ]   Count: 0
2025-04-27 10:23:07 [INFO ]   Percentage: 0.00%
2025-04-27 10:23:07 [INFO ]   Mean Duration: 0.00s
2025-04-27 10:23:07 [INFO ]   Max Duration: 0.00s
2025-04-27 10:23:07 [INFO ]   Frequency: 0.00/hour
2025-04-27 10:23:07 [INFO ]   Time Pattern: []
2025-05-01 15:35:04 [INFO ] Loaded 3 subjects from sleepedfx
2025-05-01 15:35:04 [INFO ] Subject 10003 -> Files: ['./data/processed/data_10003.pkl']
2025-05-01 15:35:04 [ERROR] Data loading failed: No data was loaded from the provided files
2025-05-01 15:36:40 [INFO ] Loaded 3 subjects from sleepedfx
2025-05-01 15:36:40 [INFO ] Subject 10003 -> Files: ['./data/processed/data_10003.pkl']
2025-05-01 15:36:40 [ERROR] Data loading failed: not enough values to unpack (expected 5, got 3)
2025-05-01 16:19:37 [INFO ] Loaded 3 subjects from sleepedfx
2025-05-01 16:19:37 [INFO ] Subject 10003 -> Files: ['./data/processed/data_10003.pkl']
2025-05-01 16:19:37 [INFO ] Subject 10006 -> Files: []
2025-05-01 16:19:37 [ERROR] Data loading failed: No files found for subject IDs: ['10006']
2025-05-01 16:19:57 [INFO ] Loaded 2 subjects from sleepedfx
2025-05-01 16:19:57 [ERROR] Data loading failed: No files found for subject IDs: []
2025-05-01 19:21:19 [INFO ] Loaded 3 subjects from sleepedfx
2025-05-01 19:21:19 [INFO ] Subject 10003 -> Files: ['./data/processed/data_10003.pkl']
2025-05-01 19:21:19 [INFO ] Subject 10006 -> Files: ['./data/processed/data_10006.pkl']
2025-05-01 19:21:19 [INFO ] Subject 10000 -> Files: ['./data/processed/data_10000.pkl']
2025-05-01 19:21:19 [INFO ] Train set: 799 samples
2025-05-01 19:21:19 [INFO ] Valid set: 834 samples
2025-05-01 19:21:19 [INFO ] Test set: 855 samples
2025-05-01 19:21:19 [INFO ] Sleep stage W: 60 samples
2025-05-01 19:21:19 [INFO ] Sleep stage N1: 65 samples
2025-05-01 19:21:19 [INFO ] Sleep stage N2: 506 samples
2025-05-01 19:21:19 [INFO ] Sleep stage N3: 207 samples
2025-05-01 19:21:19 [INFO ] Unknown Label 4: 0 samples
2025-05-01 19:21:19 [INFO ] Movement time: 0 samples
2025-05-01 19:21:19 [INFO ] Obstructive Apnea: 19 samples
2025-05-01 19:21:19 [INFO ] Obstructive Hyponea: 0 samples
2025-05-01 19:21:19 [INFO ] Mixed Apnea: 0 samples
2025-05-01 19:21:19 [INFO ] Oxygen Desaturation: 171 samples
2025-05-01 19:21:19 [INFO ] EEG arousal: 27 samples
2025-05-01 19:21:19 [INFO ] Hypopnea: 0 samples
2025-05-01 19:21:19 [INFO ] Periodic Spikes: 0 samples
2025-05-01 19:21:19 [INFO ] Periodic Spikes/ Discharge: 0 samples
2025-05-01 19:21:19 [INFO ] Possible seizure: 0 samples
2025-05-01 19:21:19 [INFO ] Possible tonic Seizure: 0 samples
2025-05-01 19:21:19 [INFO ] After preprocessing:
2025-05-01 19:21:19 [INFO ] Sleep stage W: 60 samples
2025-05-01 19:21:19 [INFO ] Sleep stage N1: 65 samples
2025-05-01 19:21:19 [INFO ] Sleep stage N2: 506 samples
2025-05-01 19:21:19 [INFO ] Sleep stage N3: 207 samples
2025-05-01 19:21:19 [INFO ] Unknown Label 4: 0 samples
2025-05-01 19:21:19 [INFO ] Movement time: 0 samples
2025-05-01 19:21:19 [INFO ] Obstructive Apnea: 19 samples
2025-05-01 19:21:19 [INFO ] Obstructive Hyponea: 0 samples
2025-05-01 19:21:19 [INFO ] Mixed Apnea: 0 samples
2025-05-01 19:21:19 [INFO ] Oxygen Desaturation: 171 samples
2025-05-01 19:21:19 [INFO ] EEG arousal: 27 samples
2025-05-01 19:21:19 [INFO ] Hypopnea: 0 samples
2025-05-01 19:21:19 [INFO ] Periodic Spikes: 0 samples
2025-05-01 19:21:19 [INFO ] Periodic Spikes/ Discharge: 0 samples
2025-05-01 19:21:19 [INFO ] Possible seizure: 0 samples
2025-05-01 19:21:19 [INFO ] Possible tonic Seizure: 0 samples
2025-05-01 19:21:19 [INFO ] Initializing NeuroSight with 16 classes, use_rnn=False
2025-05-01 19:34:24 [INFO ] Test results: [<tf.Tensor: shape=(), dtype=float32, numpy=0.20672453939914703>, {'acc': <tf.Tensor: shape=(), dtype=float32, numpy=0.9474415183067322>, 'precision': <tf.Tensor: shape=(), dtype=float32, numpy=0.6742323040962219>, 'recall': <tf.Tensor: shape=(), dtype=float32, numpy=0.5153061151504517>}]
2025-05-01 19:34:25 [INFO ] Event: Sleep stage W
2025-05-01 19:34:25 [INFO ]   Count: 1
2025-05-01 19:34:25 [INFO ]   Percentage: 0.12%
2025-05-01 19:34:25 [INFO ]   Mean Duration: 30.00s
2025-05-01 19:34:25 [INFO ]   Max Duration: 30.00s
2025-05-01 19:34:25 [INFO ]   Frequency: 0.14/hour
2025-05-01 19:34:25 [INFO ]   Time Pattern: []
2025-05-01 19:34:25 [INFO ] Event: Sleep stage N1
2025-05-01 19:34:25 [INFO ]   Count: 67
2025-05-01 19:34:25 [INFO ]   Percentage: 7.84%
2025-05-01 19:34:25 [INFO ]   Mean Duration: 30.00s
2025-05-01 19:34:25 [INFO ]   Max Duration: 30.00s
2025-05-01 19:34:25 [INFO ]   Frequency: 9.40/hour
2025-05-01 19:34:25 [INFO ]   Time Pattern: [3720.0, 210.0, 30.0, 30.0, 120.0, 30.0, 30.0, 60.0, 30.0, 4320.0, 120.0, 870.0, 90.0, 390.0, 330.0, 1710.0, 210.0, 90.0, 150.0, 90.0, 30.0, 420.0, 30.0, 180.0, 180.0, 30.0, 30.0, 30.0, 690.0, 390.0, 30.0, 4530.0, 1200.0, 300.0, 690.0, 120.0, 30.0, 60.0, 30.0, 30.0, 60.0, 30.0, 90.0, 1140.0, 180.0, 30.0, 90.0, 90.0, 210.0, 1230.0, 30.0, 300.0, 30.0, 150.0, 30.0, 1140.0, 30.0, 30.0, 30.0, 60.0, 30.0, 30.0, 1560.0, 60.0, 870.0, 120.0]
2025-05-01 19:34:25 [INFO ] Event: Sleep stage N2
2025-05-01 19:34:25 [INFO ]   Count: 248
2025-05-01 19:34:25 [INFO ]   Percentage: 29.01%
2025-05-01 19:34:25 [INFO ]   Mean Duration: 30.00s
2025-05-01 19:34:25 [INFO ]   Max Duration: 30.00s
2025-05-01 19:34:25 [INFO ]   Frequency: 34.81/hour
2025-05-01 19:34:25 [INFO ]   Time Pattern: [3660.0, 150.0, 30.0, 30.0, 60.0, 30.0, 30.0, 30.0, 30.0, 30.0, 90.0, 30.0, 60.0, 30.0, 30.0, 30.0, 60.0, 30.0, 30.0, 30.0, 30.0, 30.0, 60.0, 30.0, 30.0, 30.0, 30.0, 30.0, 30.0, 30.0, 90.0, 30.0, 30.0, 30.0, 30.0, 30.0, 30.0, 30.0, 30.0, 60.0, 30.0, 60.0, 960.0, 60.0, 120.0, 60.0, 1470.0, 600.0, 90.0, 30.0, 120.0, 390.0, 60.0, 30.0, 30.0, 30.0, 30.0, 30.0, 30.0, 60.0, 30.0, 30.0, 30.0, 120.0, 30.0, 30.0, 30.0, 60.0, 30.0, 30.0, 30.0, 30.0, 30.0, 30.0, 30.0, 30.0, 30.0, 30.0, 60.0, 30.0, 120.0, 30.0, 60.0, 30.0, 30.0, 30.0, 60.0, 930.0, 60.0, 30.0, 120.0, 30.0, 30.0, 30.0, 30.0, 210.0, 30.0, 180.0, 120.0, 30.0, 30.0, 60.0, 30.0, 60.0, 30.0, 90.0, 150.0, 30.0, 30.0, 30.0, 120.0, 90.0, 60.0, 300.0, 30.0, 30.0, 60.0, 30.0, 30.0, 30.0, 30.0, 60.0, 30.0, 30.0, 90.0, 30.0, 30.0, 60.0, 60.0, 30.0, 30.0, 30.0, 60.0, 30.0, 30.0, 90.0, 270.0, 30.0, 30.0, 60.0, 30.0, 30.0, 30.0, 90.0, 30.0, 90.0, 30.0, 60.0, 30.0, 30.0, 3720.0, 30.0, 60.0, 30.0, 150.0, 1020.0, 330.0, 30.0, 180.0, 30.0, 30.0, 60.0, 30.0, 270.0, 540.0, 60.0, 30.0, 30.0, 60.0, 60.0, 30.0, 30.0, 120.0, 30.0, 30.0, 30.0, 30.0, 30.0, 120.0, 30.0, 60.0, 30.0, 60.0, 30.0, 30.0, 90.0, 30.0, 180.0, 180.0, 60.0, 60.0, 30.0, 60.0, 30.0, 30.0, 60.0, 60.0, 30.0, 120.0, 30.0, 60.0, 60.0, 60.0, 30.0, 30.0, 30.0, 60.0, 30.0, 30.0, 660.0, 1890.0, 30.0, 30.0, 30.0, 30.0, 30.0, 90.0, 60.0, 60.0, 120.0, 90.0, 30.0, 150.0, 60.0, 60.0, 30.0, 30.0, 150.0, 210.0, 60.0, 240.0, 90.0, 60.0, 90.0, 30.0, 150.0, 150.0, 90.0, 30.0, 30.0, 30.0, 30.0, 90.0, 30.0, 90.0, 30.0, 60.0]
2025-05-01 19:34:25 [INFO ] Event: Sleep stage 4
2025-05-01 19:34:25 [INFO ]   Count: 417
2025-05-01 19:34:25 [INFO ]   Percentage: 48.77%
2025-05-01 19:34:25 [INFO ]   Mean Duration: 30.00s
2025-05-01 19:34:25 [INFO ]   Max Duration: 30.00s
2025-05-01 19:34:25 [INFO ]   Frequency: 58.53/hour
2025-05-01 19:34:25 [INFO ]   Time Pattern: [30.0, 30.0, 30.0, 60.0, 30.0, 30.0, 30.0, 30.0, 30.0, 30.0, 30.0, 30.0, 30.0, 30.0, 30.0, 30.0, 30.0, 30.0, 30.0, 30.0, 30.0, 30.0, 30.0, 30.0, 30.0, 30.0, 30.0, 30.0, 30.0, 30.0, 30.0, 30.0, 30.0, 30.0, 30.0, 30.0, 30.0, 30.0, 30.0, 30.0, 30.0, 30.0, 30.0, 30.0, 30.0, 30.0, 30.0, 30.0, 30.0, 30.0, 30.0, 30.0, 30.0, 30.0, 30.0, 30.0, 30.0, 30.0, 30.0, 30.0, 30.0, 30.0, 30.0, 30.0, 30.0, 30.0, 30.0, 30.0, 30.0, 30.0, 30.0, 30.0, 30.0, 30.0, 30.0, 30.0, 30.0, 30.0, 30.0, 30.0, 30.0, 30.0, 30.0, 30.0, 30.0, 30.0, 30.0, 30.0, 30.0, 30.0, 30.0, 30.0, 30.0, 30.0, 30.0, 30.0, 30.0, 30.0, 30.0, 30.0, 30.0, 30.0, 30.0, 30.0, 30.0, 90.0, 30.0, 30.0, 30.0, 30.0, 30.0, 30.0, 30.0, 30.0, 30.0, 30.0, 120.0, 30.0, 1110.0, 270.0, 30.0, 60.0, 30.0, 60.0, 30.0, 30.0, 30.0, 30.0, 30.0, 30.0, 30.0, 30.0, 30.0, 30.0, 30.0, 30.0, 30.0, 30.0, 30.0, 30.0, 30.0, 30.0, 30.0, 30.0, 30.0, 30.0, 30.0, 30.0, 30.0, 30.0, 30.0, 30.0, 30.0, 30.0, 30.0, 90.0, 30.0, 90.0, 30.0, 30.0, 30.0, 30.0, 30.0, 30.0, 30.0, 30.0, 30.0, 30.0, 30.0, 30.0, 30.0, 30.0, 30.0, 30.0, 30.0, 30.0, 30.0, 30.0, 30.0, 30.0, 30.0, 30.0, 30.0, 30.0, 30.0, 30.0, 30.0, 30.0, 30.0, 30.0, 60.0, 30.0, 30.0, 30.0, 30.0, 30.0, 30.0, 30.0, 30.0, 30.0, 30.0, 30.0, 30.0, 30.0, 30.0, 30.0, 30.0, 30.0, 30.0, 30.0, 30.0, 30.0, 1920.0, 240.0, 30.0, 120.0, 90.0, 60.0, 30.0, 30.0, 30.0, 30.0, 30.0, 30.0, 30.0, 30.0, 30.0, 30.0, 30.0, 30.0, 30.0, 30.0, 30.0, 30.0, 30.0, 30.0, 30.0, 30.0, 30.0, 30.0, 30.0, 30.0, 30.0, 30.0, 30.0, 30.0, 30.0, 30.0, 30.0, 30.0, 30.0, 90.0, 240.0, 120.0, 780.0, 60.0, 60.0, 1500.0, 120.0, 90.0, 330.0, 390.0, 30.0, 30.0, 30.0, 60.0, 30.0, 30.0, 30.0, 30.0, 30.0, 30.0, 30.0, 30.0, 30.0, 30.0, 30.0, 30.0, 30.0, 30.0, 30.0, 30.0, 30.0, 30.0, 30.0, 30.0, 30.0, 30.0, 30.0, 30.0, 30.0, 30.0, 30.0, 30.0, 30.0, 30.0, 30.0, 30.0, 30.0, 30.0, 30.0, 30.0, 30.0, 30.0, 30.0, 30.0, 30.0, 30.0, 30.0, 30.0, 30.0, 30.0, 30.0, 30.0, 30.0, 30.0, 30.0, 30.0, 30.0, 30.0, 30.0, 30.0, 30.0, 30.0, 30.0, 30.0, 30.0, 30.0, 30.0, 30.0, 30.0, 30.0, 30.0, 30.0, 30.0, 30.0, 30.0, 30.0, 30.0, 30.0, 30.0, 30.0, 30.0, 30.0, 30.0, 30.0, 30.0, 30.0, 30.0, 30.0, 30.0, 30.0, 30.0, 30.0, 30.0, 30.0, 30.0, 30.0, 30.0, 30.0, 30.0, 30.0, 30.0, 30.0, 30.0, 30.0, 30.0, 30.0, 30.0, 30.0, 30.0, 30.0, 30.0, 30.0, 30.0, 30.0, 30.0, 120.0, 150.0, 180.0, 1830.0, 30.0, 60.0, 60.0, 60.0, 1260.0, 1320.0, 30.0, 30.0, 270.0, 60.0, 150.0, 390.0, 240.0, 1890.0, 30.0, 30.0, 30.0, 120.0, 60.0, 180.0, 210.0, 90.0, 150.0, 60.0, 30.0, 60.0, 90.0, 150.0, 150.0, 150.0, 240.0, 30.0, 60.0, 420.0, 90.0]
2025-05-01 19:34:25 [INFO ] Event: Unknown Label 4
2025-05-01 19:34:25 [INFO ]   Count: 0
2025-05-01 19:34:25 [INFO ]   Percentage: 0.00%
2025-05-01 19:34:25 [INFO ]   Mean Duration: 0.00s
2025-05-01 19:34:25 [INFO ]   Max Duration: 0.00s
2025-05-01 19:34:25 [INFO ]   Frequency: 0.00/hour
2025-05-01 19:34:25 [INFO ]   Time Pattern: []
2025-05-01 19:34:25 [INFO ] Event: Movement time
2025-05-01 19:34:25 [INFO ]   Count: 0
2025-05-01 19:34:25 [INFO ]   Percentage: 0.00%
2025-05-01 19:34:25 [INFO ]   Mean Duration: 0.00s
2025-05-01 19:34:25 [INFO ]   Max Duration: 0.00s
2025-05-01 19:34:25 [INFO ]   Frequency: 0.00/hour
2025-05-01 19:34:25 [INFO ]   Time Pattern: []
2025-05-01 19:34:25 [INFO ] Event: Obstructive Apnea
2025-05-01 19:34:25 [INFO ]   Count: 0
2025-05-01 19:34:25 [INFO ]   Percentage: 0.00%
2025-05-01 19:34:25 [INFO ]   Mean Duration: 0.00s
2025-05-01 19:34:25 [INFO ]   Max Duration: 0.00s
2025-05-01 19:34:25 [INFO ]   Frequency: 0.00/hour
2025-05-01 19:34:25 [INFO ]   Time Pattern: []
2025-05-01 19:34:25 [INFO ] Event: Obstructive Hyponea
2025-05-01 19:34:25 [INFO ]   Count: 0
2025-05-01 19:34:25 [INFO ]   Percentage: 0.00%
2025-05-01 19:34:25 [INFO ]   Mean Duration: 0.00s
2025-05-01 19:34:25 [INFO ]   Max Duration: 0.00s
2025-05-01 19:34:25 [INFO ]   Frequency: 0.00/hour
2025-05-01 19:34:25 [INFO ]   Time Pattern: []
2025-05-01 19:34:25 [INFO ] Event: Mixed Apnea
2025-05-01 19:34:25 [INFO ]   Count: 0
2025-05-01 19:34:25 [INFO ]   Percentage: 0.00%
2025-05-01 19:34:25 [INFO ]   Mean Duration: 0.00s
2025-05-01 19:34:25 [INFO ]   Max Duration: 0.00s
2025-05-01 19:34:25 [INFO ]   Frequency: 0.00/hour
2025-05-01 19:34:25 [INFO ]   Time Pattern: []
2025-05-01 19:34:25 [INFO ] Event: Oxygen Desaturation
2025-05-01 19:34:25 [INFO ]   Count: 13
2025-05-01 19:34:25 [INFO ]   Percentage: 1.52%
2025-05-01 19:34:25 [INFO ]   Mean Duration: 30.00s
2025-05-01 19:34:25 [INFO ]   Max Duration: 30.00s
2025-05-01 19:34:25 [INFO ]   Frequency: 1.82/hour
2025-05-01 19:34:25 [INFO ]   Time Pattern: [240.0, 90.0, 4320.0, 4890.0, 30.0, 6900.0, 2730.0, 2010.0, 30.0, 150.0, 30.0, 1260.0]
2025-05-01 19:34:25 [INFO ] Event: EEG arousal
2025-05-01 19:34:25 [INFO ]   Count: 3
2025-05-01 19:34:25 [INFO ]   Percentage: 0.35%
2025-05-01 19:34:25 [INFO ]   Mean Duration: 30.00s
2025-05-01 19:34:25 [INFO ]   Max Duration: 30.00s
2025-05-01 19:34:25 [INFO ]   Frequency: 0.42/hour
2025-05-01 19:34:25 [INFO ]   Time Pattern: [12240.0, 1290.0]
2025-05-01 19:34:25 [INFO ] Event: Hypopnea
2025-05-01 19:34:25 [INFO ]   Count: 0
2025-05-01 19:34:25 [INFO ]   Percentage: 0.00%
2025-05-01 19:34:25 [INFO ]   Mean Duration: 0.00s
2025-05-01 19:34:25 [INFO ]   Max Duration: 0.00s
2025-05-01 19:34:25 [INFO ]   Frequency: 0.00/hour
2025-05-01 19:34:25 [INFO ]   Time Pattern: []
2025-05-01 19:34:25 [INFO ] Event: Periodic Spikes
2025-05-01 19:34:25 [INFO ]   Count: 0
2025-05-01 19:34:25 [INFO ]   Percentage: 0.00%
2025-05-01 19:34:25 [INFO ]   Mean Duration: 0.00s
2025-05-01 19:34:25 [INFO ]   Max Duration: 0.00s
2025-05-01 19:34:25 [INFO ]   Frequency: 0.00/hour
2025-05-01 19:34:25 [INFO ]   Time Pattern: []
2025-05-01 19:34:25 [INFO ] Event: Periodic Spikes/ Discharge.
2025-05-01 19:34:25 [INFO ]   Count: 0
2025-05-01 19:34:25 [INFO ]   Percentage: 0.00%
2025-05-01 19:34:25 [INFO ]   Mean Duration: 0.00s
2025-05-01 19:34:25 [INFO ]   Max Duration: 0.00s
2025-05-01 19:34:25 [INFO ]   Frequency: 0.00/hour
2025-05-01 19:34:25 [INFO ]   Time Pattern: []
2025-05-01 19:34:25 [INFO ] Event: Possible seizure
2025-05-01 19:34:25 [INFO ]   Count: 0
2025-05-01 19:34:25 [INFO ]   Percentage: 0.00%
2025-05-01 19:34:25 [INFO ]   Mean Duration: 0.00s
2025-05-01 19:34:25 [INFO ]   Max Duration: 0.00s
2025-05-01 19:34:25 [INFO ]   Frequency: 0.00/hour
2025-05-01 19:34:25 [INFO ]   Time Pattern: []
2025-05-01 19:34:25 [INFO ] Event: Possible tonic Seizure
2025-05-01 19:34:25 [INFO ]   Count: 0
2025-05-01 19:34:25 [INFO ]   Percentage: 0.00%
2025-05-01 19:34:25 [INFO ]   Mean Duration: 0.00s
2025-05-01 19:34:25 [INFO ]   Max Duration: 0.00s
2025-05-01 19:34:25 [INFO ]   Frequency: 0.00/hour
2025-05-01 19:34:25 [INFO ]   Time Pattern: []
2025-05-02 18:02:14 [INFO ] Loaded 3 subjects from sleepedfx
2025-05-02 18:02:14 [INFO ] Subject 10003 -> Files: ['./data/processed/data_10003.pkl']
2025-05-02 18:02:14 [INFO ] Subject 10006 -> Files: ['./data/processed/data_10006.pkl']
2025-05-02 18:02:14 [INFO ] Subject 10000 -> Files: ['./data/processed/data_10000.pkl']
2025-05-02 18:02:14 [INFO ] Train set: 930 samples
2025-05-02 18:02:14 [INFO ] Valid set: 997 samples
2025-05-02 18:02:14 [INFO ] Test set: 983 samples
2025-05-02 18:02:14 [INFO ] Sleep stage W: 50 samples
2025-05-02 18:02:14 [INFO ] Sleep stage N1: 42 samples
2025-05-02 18:02:14 [INFO ] Sleep stage N2: 482 samples
2025-05-02 18:02:14 [INFO ] Sleep stage N3: 200 samples
2025-05-02 18:02:14 [INFO ] Unknown Label 4: 156 samples
2025-05-02 18:02:14 [INFO ] Movement time: 19 samples
2025-05-02 18:02:14 [INFO ] Obstructive Apnea: 34 samples
2025-05-02 18:02:14 [INFO ] Obstructive Hyponea: 0 samples
2025-05-02 18:02:14 [INFO ] Mixed Apnea: 171 samples
2025-05-02 18:02:14 [INFO ] Oxygen Desaturation: 27 samples
2025-05-02 18:02:14 [INFO ] EEG arousal: 0 samples
2025-05-02 18:02:14 [INFO ] Hypopnea: 0 samples
2025-05-02 18:02:14 [INFO ] After preprocessing:
2025-05-02 18:02:14 [INFO ] Sleep stage W: 50 samples
2025-05-02 18:02:14 [INFO ] Sleep stage N1: 42 samples
2025-05-02 18:02:14 [INFO ] Sleep stage N2: 482 samples
2025-05-02 18:02:14 [INFO ] Sleep stage N3: 200 samples
2025-05-02 18:02:14 [INFO ] Unknown Label 4: 156 samples
2025-05-02 18:02:14 [INFO ] Movement time: 19 samples
2025-05-02 18:02:14 [INFO ] Obstructive Apnea: 34 samples
2025-05-02 18:02:14 [INFO ] Obstructive Hyponea: 0 samples
2025-05-02 18:02:14 [INFO ] Mixed Apnea: 171 samples
2025-05-02 18:02:14 [INFO ] Oxygen Desaturation: 27 samples
2025-05-02 18:02:14 [INFO ] EEG arousal: 0 samples
2025-05-02 18:02:14 [INFO ] Hypopnea: 0 samples
2025-05-02 18:02:14 [INFO ] Initializing NeuroSight with 16 classes, use_rnn=False
2025-05-02 18:03:24 [INFO ] Loaded 3 subjects from sleepedfx
2025-05-02 18:03:24 [INFO ] Subject 10003 -> Files: ['./data/processed/data_10003.pkl']
2025-05-02 18:03:24 [INFO ] Subject 10006 -> Files: ['./data/processed/data_10006.pkl']
2025-05-02 18:03:24 [INFO ] Subject 10000 -> Files: ['./data/processed/data_10000.pkl']
2025-05-02 18:03:24 [INFO ] Train set: 930 samples
2025-05-02 18:03:24 [INFO ] Valid set: 997 samples
2025-05-02 18:03:24 [INFO ] Test set: 983 samples
2025-05-02 18:03:24 [INFO ] Sleep stage W: 50 samples
2025-05-02 18:03:24 [INFO ] Sleep stage N1: 42 samples
2025-05-02 18:03:24 [INFO ] Sleep stage N2: 482 samples
2025-05-02 18:03:24 [INFO ] Sleep stage N3: 200 samples
2025-05-02 18:03:24 [INFO ] Movement time: 156 samples
2025-05-02 18:03:24 [INFO ] Obstructive Apnea: 19 samples
2025-05-02 18:03:24 [INFO ] Obstructive Hypopnea: 34 samples
2025-05-02 18:03:24 [INFO ] Mixed Apnea: 0 samples
2025-05-02 18:03:24 [INFO ] Central Apnea: 171 samples
2025-05-02 18:03:24 [INFO ] Oxygen Desaturation: 27 samples
2025-05-02 18:03:24 [INFO ] EEG arousal: 0 samples
2025-05-02 18:03:24 [INFO ] Hypopnea: 0 samples
2025-05-02 18:03:24 [INFO ] After preprocessing:
2025-05-02 18:03:24 [INFO ] Sleep stage W: 50 samples
2025-05-02 18:03:24 [INFO ] Sleep stage N1: 42 samples
2025-05-02 18:03:24 [INFO ] Sleep stage N2: 482 samples
2025-05-02 18:03:24 [INFO ] Sleep stage N3: 200 samples
2025-05-02 18:03:24 [INFO ] Movement time: 156 samples
2025-05-02 18:03:24 [INFO ] Obstructive Apnea: 19 samples
2025-05-02 18:03:24 [INFO ] Obstructive Hypopnea: 34 samples
2025-05-02 18:03:24 [INFO ] Mixed Apnea: 0 samples
2025-05-02 18:03:24 [INFO ] Central Apnea: 171 samples
2025-05-02 18:03:24 [INFO ] Oxygen Desaturation: 27 samples
2025-05-02 18:03:24 [INFO ] EEG arousal: 0 samples
2025-05-02 18:03:24 [INFO ] Hypopnea: 0 samples
2025-05-02 18:03:24 [INFO ] Initializing NeuroSight with 11 classes, use_rnn=False
2025-05-02 18:03:37 [INFO ] Loaded 3 subjects from sleepedfx
2025-05-02 18:03:37 [INFO ] Subject 10003 -> Files: ['./data/processed/data_10003.pkl']
2025-05-02 18:03:37 [INFO ] Subject 10006 -> Files: ['./data/processed/data_10006.pkl']
2025-05-02 18:03:37 [INFO ] Subject 10000 -> Files: ['./data/processed/data_10000.pkl']
2025-05-02 18:03:37 [INFO ] Train set: 930 samples
2025-05-02 18:03:37 [INFO ] Valid set: 997 samples
2025-05-02 18:03:37 [INFO ] Test set: 983 samples
2025-05-02 18:03:37 [INFO ] Sleep stage W: 50 samples
2025-05-02 18:03:37 [INFO ] Sleep stage N1: 42 samples
2025-05-02 18:03:37 [INFO ] Sleep stage N2: 482 samples
2025-05-02 18:03:37 [INFO ] Sleep stage N3: 200 samples
2025-05-02 18:03:37 [INFO ] Movement time: 156 samples
2025-05-02 18:03:37 [INFO ] Obstructive Apnea: 19 samples
2025-05-02 18:03:37 [INFO ] Obstructive Hypopnea: 34 samples
2025-05-02 18:03:37 [INFO ] Mixed Apnea: 0 samples
2025-05-02 18:03:37 [INFO ] Central Apnea: 171 samples
2025-05-02 18:03:37 [INFO ] Oxygen Desaturation: 27 samples
2025-05-02 18:03:37 [INFO ] EEG arousal: 0 samples
2025-05-02 18:03:37 [INFO ] Hypopnea: 0 samples
2025-05-02 18:03:37 [INFO ] After preprocessing:
2025-05-02 18:03:37 [INFO ] Sleep stage W: 50 samples
2025-05-02 18:03:37 [INFO ] Sleep stage N1: 42 samples
2025-05-02 18:03:37 [INFO ] Sleep stage N2: 482 samples
2025-05-02 18:03:37 [INFO ] Sleep stage N3: 200 samples
2025-05-02 18:03:37 [INFO ] Movement time: 156 samples
2025-05-02 18:03:37 [INFO ] Obstructive Apnea: 19 samples
2025-05-02 18:03:37 [INFO ] Obstructive Hypopnea: 34 samples
2025-05-02 18:03:37 [INFO ] Mixed Apnea: 0 samples
2025-05-02 18:03:37 [INFO ] Central Apnea: 171 samples
2025-05-02 18:03:37 [INFO ] Oxygen Desaturation: 27 samples
2025-05-02 18:03:37 [INFO ] EEG arousal: 0 samples
2025-05-02 18:03:37 [INFO ] Hypopnea: 0 samples
2025-05-02 18:03:38 [INFO ] Initializing NeuroSight with 12 classes, use_rnn=False
2025-05-02 18:06:43 [INFO ] Loaded 3 subjects from sleepedfx
2025-05-02 18:06:43 [INFO ] Subject 10003 -> Files: ['./data/processed/data_10003.pkl']
2025-05-02 18:06:43 [INFO ] Subject 10006 -> Files: ['./data/processed/data_10006.pkl']
2025-05-02 18:06:43 [INFO ] Subject 10000 -> Files: ['./data/processed/data_10000.pkl']
2025-05-02 18:06:43 [INFO ] Train set: 930 samples
2025-05-02 18:06:43 [INFO ] Valid set: 997 samples
2025-05-02 18:06:43 [INFO ] Test set: 983 samples
2025-05-02 18:06:43 [INFO ] Sleep stage W: 50 samples
2025-05-02 18:06:43 [INFO ] Sleep stage N1: 42 samples
2025-05-02 18:06:43 [INFO ] Sleep stage N2: 482 samples
2025-05-02 18:06:43 [INFO ] Sleep stage N3: 200 samples
2025-05-02 18:06:43 [INFO ] Sleep stage R: 156 samples
2025-05-02 18:06:43 [INFO ] Obstructive Apnea: 19 samples
2025-05-02 18:06:43 [INFO ] Obstructive Hypopnea: 34 samples
2025-05-02 18:06:43 [INFO ] Mixed Apnea: 0 samples
2025-05-02 18:06:43 [INFO ] Central Apnea: 171 samples
2025-05-02 18:06:43 [INFO ] Oxygen Desaturation: 27 samples
2025-05-02 18:06:43 [INFO ] EEG arousal: 0 samples
2025-05-02 18:06:43 [INFO ] Hypopnea: 0 samples
2025-05-02 18:06:43 [INFO ] After preprocessing:
2025-05-02 18:06:43 [INFO ] Sleep stage W: 50 samples
2025-05-02 18:06:43 [INFO ] Sleep stage N1: 42 samples
2025-05-02 18:06:43 [INFO ] Sleep stage N2: 482 samples
2025-05-02 18:06:43 [INFO ] Sleep stage N3: 200 samples
2025-05-02 18:06:43 [INFO ] Sleep stage R: 156 samples
2025-05-02 18:06:43 [INFO ] Obstructive Apnea: 19 samples
2025-05-02 18:06:43 [INFO ] Obstructive Hypopnea: 34 samples
2025-05-02 18:06:43 [INFO ] Mixed Apnea: 0 samples
2025-05-02 18:06:43 [INFO ] Central Apnea: 171 samples
2025-05-02 18:06:43 [INFO ] Oxygen Desaturation: 27 samples
2025-05-02 18:06:43 [INFO ] EEG arousal: 0 samples
2025-05-02 18:06:43 [INFO ] Hypopnea: 0 samples
2025-05-02 18:06:43 [INFO ] Initializing NeuroSight with 12 classes, use_rnn=False
2025-05-02 18:09:20 [INFO ] Loaded 3 subjects from sleepedfx
2025-05-02 18:09:20 [INFO ] Subject 10003 -> Files: ['./data/processed/data_10003.pkl']
2025-05-02 18:09:20 [INFO ] Subject 10006 -> Files: ['./data/processed/data_10006.pkl']
2025-05-02 18:09:20 [INFO ] Subject 10000 -> Files: ['./data/processed/data_10000.pkl']
2025-05-02 18:09:20 [INFO ] Train set: 930 samples
2025-05-02 18:09:20 [INFO ] Valid set: 997 samples
2025-05-02 18:09:20 [INFO ] Test set: 983 samples
2025-05-02 18:09:20 [INFO ] Sleep stage W: 50 samples
2025-05-02 18:09:20 [INFO ] Sleep stage N1: 42 samples
2025-05-02 18:09:20 [INFO ] Sleep stage N2: 482 samples
2025-05-02 18:09:20 [INFO ] Sleep stage N3: 200 samples
2025-05-02 18:09:20 [INFO ] Sleep stage R: 156 samples
2025-05-02 18:09:20 [INFO ] Obstructive Apnea: 19 samples
2025-05-02 18:09:20 [INFO ] Obstructive Hypopnea: 34 samples
2025-05-02 18:09:20 [INFO ] Mixed Apnea: 0 samples
2025-05-02 18:09:20 [INFO ] Central Apnea: 171 samples
2025-05-02 18:09:20 [INFO ] Oxygen Desaturation: 27 samples
2025-05-02 18:09:20 [INFO ] EEG arousal: 0 samples
2025-05-02 18:09:20 [INFO ] Hypopnea: 0 samples
2025-05-02 18:09:20 [INFO ] Test set class distribution:
2025-05-02 18:09:20 [INFO ] Sleep stage W: 116 samples
2025-05-02 18:09:20 [INFO ] Sleep stage N1: 9 samples
2025-05-02 18:09:20 [INFO ] Sleep stage N2: 395 samples
2025-05-02 18:09:20 [INFO ] Sleep stage N3: 301 samples
2025-05-02 18:09:20 [INFO ] Sleep stage R: 162 samples
2025-05-02 18:09:20 [INFO ] Obstructive Apnea: 3 samples
2025-05-02 18:09:20 [INFO ] Obstructive Hypopnea: 0 samples
2025-05-02 18:09:20 [INFO ] Mixed Apnea: 5 samples
2025-05-02 18:09:20 [INFO ] Central Apnea: 75 samples
2025-05-02 18:09:20 [INFO ] Oxygen Desaturation: 46 samples
2025-05-02 18:09:20 [INFO ] EEG arousal: 1 samples
2025-05-02 18:09:20 [INFO ] Hypopnea: 0 samples
2025-05-02 18:09:20 [INFO ] After preprocessing:
2025-05-02 18:09:20 [INFO ] Sleep stage W: 50 samples
2025-05-02 18:09:20 [INFO ] Sleep stage N1: 42 samples
2025-05-02 18:09:20 [INFO ] Sleep stage N2: 482 samples
2025-05-02 18:09:20 [INFO ] Sleep stage N3: 200 samples
2025-05-02 18:09:20 [INFO ] Sleep stage R: 156 samples
2025-05-02 18:09:20 [INFO ] Obstructive Apnea: 19 samples
2025-05-02 18:09:20 [INFO ] Obstructive Hypopnea: 34 samples
2025-05-02 18:09:20 [INFO ] Mixed Apnea: 0 samples
2025-05-02 18:09:20 [INFO ] Central Apnea: 171 samples
2025-05-02 18:09:20 [INFO ] Oxygen Desaturation: 27 samples
2025-05-02 18:09:20 [INFO ] EEG arousal: 0 samples
2025-05-02 18:09:20 [INFO ] Hypopnea: 0 samples
2025-05-02 18:09:20 [INFO ] Initializing NeuroSight with 12 classes, use_rnn=False
2025-05-02 18:11:32 [INFO ] Loaded 3 subjects from sleepedfx
2025-05-02 18:11:32 [INFO ] Subject 10003 -> Files: ['./data/processed/data_10003.pkl']
2025-05-02 18:11:33 [INFO ] Subject 10006 -> Files: ['./data/processed/data_10006.pkl']
2025-05-02 18:11:33 [INFO ] Subject 10000 -> Files: ['./data/processed/data_10000.pkl']
2025-05-02 18:11:33 [INFO ] Train set: 930 samples
2025-05-02 18:11:33 [INFO ] Valid set: 997 samples
2025-05-02 18:11:33 [INFO ] Test set: 983 samples
2025-05-02 18:11:33 [INFO ] Sleep stage W: 50 samples
2025-05-02 18:11:33 [INFO ] Sleep stage N1: 42 samples
2025-05-02 18:11:33 [INFO ] Sleep stage N2: 482 samples
2025-05-02 18:11:33 [INFO ] Sleep stage N3: 200 samples
2025-05-02 18:11:33 [INFO ] Sleep stage R: 156 samples
2025-05-02 18:11:33 [INFO ] Obstructive Apnea: 19 samples
2025-05-02 18:11:33 [INFO ] Obstructive Hypopnea: 34 samples
2025-05-02 18:11:33 [INFO ] Mixed Apnea: 0 samples
2025-05-02 18:11:33 [INFO ] Central Apnea: 171 samples
2025-05-02 18:11:33 [INFO ] Oxygen Desaturation: 27 samples
2025-05-02 18:11:33 [INFO ] EEG arousal: 0 samples
2025-05-02 18:11:33 [INFO ] Hypopnea: 0 samples
2025-05-02 18:11:33 [INFO ] Test set class distribution:
2025-05-02 18:11:33 [INFO ] Sleep stage W: 116 samples
2025-05-02 18:11:33 [INFO ] Sleep stage N1: 9 samples
2025-05-02 18:11:33 [INFO ] Sleep stage N2: 395 samples
2025-05-02 18:11:33 [INFO ] Sleep stage N3: 301 samples
2025-05-02 18:11:33 [INFO ] Sleep stage R: 162 samples
2025-05-02 18:11:33 [INFO ] Obstructive Apnea: 3 samples
2025-05-02 18:11:33 [INFO ] Obstructive Hypopnea: 0 samples
2025-05-02 18:11:33 [INFO ] Mixed Apnea: 5 samples
2025-05-02 18:11:33 [INFO ] Central Apnea: 75 samples
2025-05-02 18:11:33 [INFO ] Oxygen Desaturation: 46 samples
2025-05-02 18:11:33 [INFO ] EEG arousal: 1 samples
2025-05-02 18:11:33 [INFO ] Hypopnea: 0 samples
2025-05-02 18:11:33 [INFO ] After preprocessing:
2025-05-02 18:11:33 [INFO ] Sleep stage W: 50 samples
2025-05-02 18:11:33 [INFO ] Sleep stage N1: 42 samples
2025-05-02 18:11:33 [INFO ] Sleep stage N2: 482 samples
2025-05-02 18:11:33 [INFO ] Sleep stage N3: 200 samples
2025-05-02 18:11:33 [INFO ] Sleep stage R: 156 samples
2025-05-02 18:11:33 [INFO ] Obstructive Apnea: 19 samples
2025-05-02 18:11:33 [INFO ] Obstructive Hypopnea: 34 samples
2025-05-02 18:11:33 [INFO ] Mixed Apnea: 0 samples
2025-05-02 18:11:33 [INFO ] Central Apnea: 171 samples
2025-05-02 18:11:33 [INFO ] Oxygen Desaturation: 27 samples
2025-05-02 18:11:33 [INFO ] EEG arousal: 0 samples
2025-05-02 18:11:33 [INFO ] Hypopnea: 0 samples
2025-05-02 18:11:33 [INFO ] Initializing NeuroSight with 12 classes, use_rnn=False
2025-05-02 19:49:02 [INFO ] Loaded 3 subjects from sleepedfx
2025-05-02 19:49:02 [INFO ] Subject 10003 -> Files: ['./data/processed/data_10003.pkl']
2025-05-02 19:49:02 [INFO ] Subject 10006 -> Files: ['./data/processed/data_10006.pkl']
2025-05-02 19:49:02 [INFO ] Subject 10000 -> Files: ['./data/processed/data_10000.pkl']
2025-05-02 19:49:02 [INFO ] Train set: 930 samples
2025-05-02 19:49:02 [INFO ] Valid set: 997 samples
2025-05-02 19:49:02 [INFO ] Test set: 983 samples
2025-05-02 19:49:02 [INFO ] Sleep stage W: 50 samples
2025-05-02 19:49:02 [INFO ] Sleep stage N1: 42 samples
2025-05-02 19:49:02 [INFO ] Sleep stage N2: 482 samples
2025-05-02 19:49:02 [INFO ] Sleep stage N3: 200 samples
2025-05-02 19:49:02 [INFO ] Sleep stage R: 156 samples
2025-05-02 19:49:02 [INFO ] Obstructive Apnea: 19 samples
2025-05-02 19:49:02 [INFO ] Obstructive Hypopnea: 34 samples
2025-05-02 19:49:02 [INFO ] Mixed Apnea: 0 samples
2025-05-02 19:49:02 [INFO ] Central Apnea: 171 samples
2025-05-02 19:49:02 [INFO ] Oxygen Desaturation: 27 samples
2025-05-02 19:49:02 [INFO ] EEG arousal: 0 samples
2025-05-02 19:49:02 [INFO ] Hypopnea: 0 samples
2025-05-02 19:49:02 [INFO ] Test set class distribution:
2025-05-02 19:49:02 [INFO ] Sleep stage W: 116 samples
2025-05-02 19:49:02 [INFO ] Sleep stage N1: 9 samples
2025-05-02 19:49:02 [INFO ] Sleep stage N2: 395 samples
2025-05-02 19:49:02 [INFO ] Sleep stage N3: 301 samples
2025-05-02 19:49:02 [INFO ] Sleep stage R: 162 samples
2025-05-02 19:49:02 [INFO ] Obstructive Apnea: 3 samples
2025-05-02 19:49:02 [INFO ] Obstructive Hypopnea: 0 samples
2025-05-02 19:49:02 [INFO ] Mixed Apnea: 5 samples
2025-05-02 19:49:02 [INFO ] Central Apnea: 75 samples
2025-05-02 19:49:02 [INFO ] Oxygen Desaturation: 46 samples
2025-05-02 19:49:02 [INFO ] EEG arousal: 1 samples
2025-05-02 19:49:02 [INFO ] Hypopnea: 0 samples
2025-05-02 19:49:02 [INFO ] Initializing NeuroSight with 12 classes, use_rnn=False
2025-05-02 20:04:31 [INFO ] Test results: [<tf.Tensor: shape=(), dtype=float32, numpy=0.4285496175289154>, {'acc': <tf.Tensor: shape=(), dtype=float32, numpy=0.904967725276947>, 'precision': <tf.Tensor: shape=(), dtype=float32, numpy=0.4941176474094391>, 'recall': <tf.Tensor: shape=(), dtype=float32, numpy=0.30188679695129395>}]
2025-05-02 20:04:33 [INFO ] Event: Sleep stage W
2025-05-02 20:04:33 [INFO ]   Count: 54
2025-05-02 20:04:33 [INFO ]   Percentage: 5.49%
2025-05-02 20:04:33 [INFO ]   Mean Duration: 30.00s
2025-05-02 20:04:33 [INFO ]   Max Duration: 30.00s
2025-05-02 20:04:33 [INFO ]   Frequency: 6.59/hour
2025-05-02 20:04:33 [INFO ]   Time Pattern: [30.0, 2940.0, 30.0, 330.0, 120.0, 30.0, 60.0, 180.0, 90.0, 720.0, 120.0, 210.0, 4410.0, 90.0, 150.0, 2160.0, 120.0, 90.0, 120.0, 300.0, 60.0, 30.0, 60.0, 30.0, 30.0, 450.0, 540.0, 60.0, 360.0, 4950.0, 90.0, 1440.0, 30.0, 30.0, 30.0, 900.0, 90.0, 30.0, 120.0, 60.0, 1770.0, 390.0, 1290.0, 30.0, 30.0, 30.0, 30.0, 3630.0, 90.0, 150.0, 120.0, 120.0, 60.0]
2025-05-02 20:04:33 [INFO ] Event: Sleep stage N1
2025-05-02 20:04:33 [INFO ]   Count: 2
2025-05-02 20:04:33 [INFO ]   Percentage: 0.20%
2025-05-02 20:04:33 [INFO ]   Mean Duration: 30.00s
2025-05-02 20:04:33 [INFO ]   Max Duration: 30.00s
2025-05-02 20:04:33 [INFO ]   Frequency: 0.24/hour
2025-05-02 20:04:33 [INFO ]   Time Pattern: [20880.0]
2025-05-02 20:04:33 [INFO ] Event: Sleep stage N2
2025-05-02 20:04:33 [INFO ]   Count: 6
2025-05-02 20:04:33 [INFO ]   Percentage: 0.61%
2025-05-02 20:04:33 [INFO ]   Mean Duration: 30.00s
2025-05-02 20:04:33 [INFO ]   Max Duration: 30.00s
2025-05-02 20:04:33 [INFO ]   Frequency: 0.73/hour
2025-05-02 20:04:33 [INFO ]   Time Pattern: [630.0, 4050.0, 900.0, 4020.0, 1200.0]
2025-05-02 20:04:33 [INFO ] Event: Sleep stage N3
2025-05-02 20:04:33 [INFO ]   Count: 603
2025-05-02 20:04:33 [INFO ]   Percentage: 61.34%
2025-05-02 20:04:33 [INFO ]   Mean Duration: 30.00s
2025-05-02 20:04:33 [INFO ]   Max Duration: 30.00s
2025-05-02 20:04:33 [INFO ]   Frequency: 73.61/hour
2025-05-02 20:04:33 [INFO ]   Time Pattern: [30.0, 30.0, 30.0, 30.0, 30.0, 30.0, 30.0, 30.0, 30.0, 30.0, 30.0, 30.0, 30.0, 30.0, 30.0, 30.0, 30.0, 30.0, 30.0, 30.0, 30.0, 30.0, 30.0, 30.0, 30.0, 30.0, 30.0, 30.0, 30.0, 30.0, 30.0, 30.0, 30.0, 30.0, 30.0, 30.0, 30.0, 30.0, 30.0, 30.0, 30.0, 30.0, 30.0, 30.0, 30.0, 30.0, 30.0, 30.0, 30.0, 30.0, 30.0, 30.0, 30.0, 30.0, 30.0, 30.0, 30.0, 30.0, 30.0, 30.0, 30.0, 30.0, 30.0, 30.0, 30.0, 30.0, 30.0, 30.0, 30.0, 30.0, 30.0, 30.0, 30.0, 30.0, 30.0, 30.0, 30.0, 30.0, 30.0, 30.0, 30.0, 30.0, 30.0, 30.0, 30.0, 30.0, 30.0, 30.0, 30.0, 30.0, 30.0, 30.0, 30.0, 30.0, 30.0, 30.0, 30.0, 30.0, 30.0, 30.0, 30.0, 30.0, 30.0, 30.0, 30.0, 30.0, 30.0, 30.0, 30.0, 30.0, 30.0, 30.0, 30.0, 30.0, 30.0, 60.0, 30.0, 30.0, 30.0, 30.0, 90.0, 30.0, 1050.0, 60.0, 240.0, 30.0, 30.0, 30.0, 30.0, 30.0, 30.0, 30.0, 30.0, 30.0, 30.0, 30.0, 30.0, 30.0, 30.0, 30.0, 30.0, 30.0, 30.0, 30.0, 30.0, 30.0, 30.0, 30.0, 30.0, 30.0, 30.0, 30.0, 30.0, 30.0, 30.0, 30.0, 30.0, 30.0, 30.0, 30.0, 30.0, 30.0, 30.0, 30.0, 60.0, 30.0, 30.0, 30.0, 30.0, 30.0, 30.0, 30.0, 30.0, 30.0, 30.0, 30.0, 30.0, 30.0, 30.0, 30.0, 30.0, 30.0, 30.0, 30.0, 30.0, 30.0, 30.0, 30.0, 30.0, 30.0, 30.0, 30.0, 30.0, 30.0, 30.0, 30.0, 30.0, 30.0, 30.0, 30.0, 30.0, 30.0, 30.0, 30.0, 30.0, 30.0, 30.0, 30.0, 30.0, 30.0, 30.0, 30.0, 30.0, 30.0, 30.0, 30.0, 30.0, 30.0, 30.0, 30.0, 30.0, 30.0, 30.0, 30.0, 1110.0, 240.0, 120.0, 60.0, 30.0, 120.0, 60.0, 180.0, 30.0, 30.0, 120.0, 60.0, 30.0, 30.0, 30.0, 30.0, 30.0, 30.0, 30.0, 30.0, 30.0, 30.0, 30.0, 30.0, 30.0, 30.0, 30.0, 30.0, 30.0, 30.0, 30.0, 30.0, 30.0, 30.0, 30.0, 30.0, 30.0, 30.0, 30.0, 30.0, 30.0, 30.0, 30.0, 30.0, 30.0, 30.0, 30.0, 30.0, 30.0, 30.0, 30.0, 30.0, 30.0, 30.0, 30.0, 90.0, 30.0, 210.0, 30.0, 30.0, 30.0, 30.0, 90.0, 30.0, 30.0, 30.0, 30.0, 90.0, 60.0, 30.0, 120.0, 270.0, 60.0, 60.0, 360.0, 90.0, 30.0, 300.0, 240.0, 120.0, 30.0, 90.0, 30.0, 30.0, 30.0, 30.0, 30.0, 30.0, 60.0, 30.0, 30.0, 30.0, 30.0, 60.0, 30.0, 30.0, 30.0, 90.0, 30.0, 30.0, 30.0, 90.0, 30.0, 30.0, 30.0, 90.0, 60.0, 30.0, 30.0, 60.0, 30.0, 30.0, 30.0, 30.0, 30.0, 30.0, 30.0, 30.0, 30.0, 30.0, 30.0, 30.0, 30.0, 30.0, 30.0, 30.0, 30.0, 30.0, 30.0, 30.0, 30.0, 30.0, 30.0, 30.0, 30.0, 30.0, 30.0, 30.0, 30.0, 30.0, 30.0, 30.0, 30.0, 30.0, 30.0, 30.0, 30.0, 30.0, 30.0, 30.0, 30.0, 30.0, 30.0, 30.0, 30.0, 30.0, 30.0, 30.0, 30.0, 30.0, 30.0, 30.0, 30.0, 30.0, 30.0, 30.0, 30.0, 30.0, 30.0, 30.0, 30.0, 30.0, 30.0, 30.0, 30.0, 30.0, 30.0, 30.0, 30.0, 30.0, 30.0, 30.0, 30.0, 30.0, 30.0, 30.0, 30.0, 30.0, 30.0, 30.0, 30.0, 30.0, 30.0, 30.0, 30.0, 30.0, 30.0, 30.0, 30.0, 30.0, 30.0, 30.0, 30.0, 30.0, 30.0, 30.0, 30.0, 30.0, 30.0, 30.0, 30.0, 30.0, 30.0, 30.0, 30.0, 30.0, 30.0, 30.0, 30.0, 30.0, 30.0, 30.0, 30.0, 30.0, 30.0, 30.0, 60.0, 60.0, 30.0, 150.0, 90.0, 30.0, 60.0, 60.0, 30.0, 60.0, 60.0, 90.0, 90.0, 30.0, 180.0, 180.0, 240.0, 450.0, 240.0, 60.0, 30.0, 30.0, 30.0, 30.0, 30.0, 30.0, 30.0, 30.0, 30.0, 60.0, 30.0, 30.0, 60.0, 60.0, 60.0, 90.0, 30.0, 210.0, 90.0, 60.0, 30.0, 150.0, 60.0, 30.0, 30.0, 30.0, 30.0, 30.0, 30.0, 30.0, 30.0, 60.0, 60.0, 180.0, 60.0, 60.0, 120.0, 30.0, 120.0, 60.0, 90.0, 30.0, 90.0, 30.0, 150.0, 30.0, 30.0, 90.0, 30.0, 210.0, 120.0, 60.0, 60.0, 60.0, 30.0, 30.0, 30.0, 30.0, 150.0, 90.0, 30.0, 30.0, 30.0, 30.0, 60.0, 90.0, 30.0, 330.0, 90.0, 690.0, 120.0, 30.0, 60.0, 30.0, 60.0, 120.0, 210.0, 30.0, 90.0, 30.0, 30.0, 30.0, 30.0, 90.0, 30.0, 30.0, 30.0, 60.0, 30.0, 30.0, 30.0, 30.0, 30.0, 30.0, 30.0, 30.0, 30.0, 30.0, 30.0, 60.0, 30.0, 30.0, 30.0, 30.0, 30.0, 30.0, 30.0, 30.0, 30.0, 30.0, 30.0, 60.0, 30.0, 60.0, 30.0, 30.0, 90.0, 60.0, 30.0, 60.0, 60.0, 30.0, 90.0, 60.0, 90.0, 30.0, 60.0, 60.0, 30.0, 210.0, 120.0, 90.0]
2025-05-02 20:04:33 [INFO ] Event: Sleep stage R
2025-05-02 20:04:33 [INFO ]   Count: 2
2025-05-02 20:04:33 [INFO ]   Percentage: 0.20%
2025-05-02 20:04:33 [INFO ]   Mean Duration: 30.00s
2025-05-02 20:04:33 [INFO ]   Max Duration: 30.00s
2025-05-02 20:04:33 [INFO ]   Frequency: 0.24/hour
2025-05-02 20:04:33 [INFO ]   Time Pattern: [4920.0]
2025-05-02 20:04:33 [INFO ] Event: Obstructive Apnea
2025-05-02 20:04:33 [INFO ]   Count: 0
2025-05-02 20:04:33 [INFO ]   Percentage: 0.00%
2025-05-02 20:04:33 [INFO ]   Mean Duration: 0.00s
2025-05-02 20:04:33 [INFO ]   Max Duration: 0.00s
2025-05-02 20:04:33 [INFO ]   Frequency: 0.00/hour
2025-05-02 20:04:33 [INFO ]   Time Pattern: []
2025-05-02 20:04:33 [INFO ] Event: Obstructive Hypopnea
2025-05-02 20:04:33 [INFO ]   Count: 0
2025-05-02 20:04:33 [INFO ]   Percentage: 0.00%
2025-05-02 20:04:33 [INFO ]   Mean Duration: 0.00s
2025-05-02 20:04:33 [INFO ]   Max Duration: 0.00s
2025-05-02 20:04:33 [INFO ]   Frequency: 0.00/hour
2025-05-02 20:04:33 [INFO ]   Time Pattern: []
2025-05-02 20:04:33 [INFO ] Event: Mixed Apnea
2025-05-02 20:04:33 [INFO ]   Count: 0
2025-05-02 20:04:33 [INFO ]   Percentage: 0.00%
2025-05-02 20:04:33 [INFO ]   Mean Duration: 0.00s
2025-05-02 20:04:33 [INFO ]   Max Duration: 0.00s
2025-05-02 20:04:33 [INFO ]   Frequency: 0.00/hour
2025-05-02 20:04:33 [INFO ]   Time Pattern: []
2025-05-02 20:04:33 [INFO ] Event: Central Apnea
2025-05-02 20:04:33 [INFO ]   Count: 11
2025-05-02 20:04:33 [INFO ]   Percentage: 1.12%
2025-05-02 20:04:33 [INFO ]   Mean Duration: 30.00s
2025-05-02 20:04:33 [INFO ]   Max Duration: 30.00s
2025-05-02 20:04:33 [INFO ]   Frequency: 1.34/hour
2025-05-02 20:04:33 [INFO ]   Time Pattern: [990.0, 4500.0, 2220.0, 210.0, 510.0, 6510.0, 180.0, 7410.0, 2460.0, 120.0]
2025-05-02 20:04:33 [INFO ] Event: Oxygen Desaturation
2025-05-02 20:04:33 [INFO ]   Count: 2
2025-05-02 20:04:33 [INFO ]   Percentage: 0.20%
2025-05-02 20:04:33 [INFO ]   Mean Duration: 30.00s
2025-05-02 20:04:33 [INFO ]   Max Duration: 30.00s
2025-05-02 20:04:33 [INFO ]   Frequency: 0.24/hour
2025-05-02 20:04:33 [INFO ]   Time Pattern: [4890.0]
2025-05-02 20:04:33 [INFO ] Event: EEG arousal
2025-05-02 20:04:33 [INFO ]   Count: 0
2025-05-02 20:04:33 [INFO ]   Percentage: 0.00%
2025-05-02 20:04:33 [INFO ]   Mean Duration: 0.00s
2025-05-02 20:04:33 [INFO ]   Max Duration: 0.00s
2025-05-02 20:04:33 [INFO ]   Frequency: 0.00/hour
2025-05-02 20:04:33 [INFO ]   Time Pattern: []
2025-05-02 20:04:33 [INFO ] Event: Hypopnea
2025-05-02 20:04:33 [INFO ]   Count: 0
2025-05-02 20:04:33 [INFO ]   Percentage: 0.00%
2025-05-02 20:04:33 [INFO ]   Mean Duration: 0.00s
2025-05-02 20:04:33 [INFO ]   Max Duration: 0.00s
2025-05-02 20:04:33 [INFO ]   Frequency: 0.00/hour
2025-05-02 20:04:33 [INFO ]   Time Pattern: []
2025-05-03 07:57:05 [INFO ] Loaded 3 subjects from sleepedfx
2025-05-03 07:57:05 [INFO ] Subject 10003 -> Files: ['./data/processed/data_10003.pkl']
2025-05-03 07:57:05 [INFO ] Subject 10006 -> Files: ['./data/processed/data_10006.pkl']
2025-05-03 07:57:05 [INFO ] Subject 10000 -> Files: ['./data/processed/data_10000.pkl']
2025-05-03 07:57:05 [INFO ] Train set: 930 samples
2025-05-03 07:57:05 [INFO ] Valid set: 997 samples
2025-05-03 07:57:05 [INFO ] Test set: 983 samples
2025-05-03 07:57:05 [INFO ] --------------------------------------------
2025-05-03 07:57:05 [INFO ] Train set class distribution:
2025-05-03 07:57:05 [INFO ] Sleep stage W: 50 samples
2025-05-03 07:57:05 [INFO ] Sleep stage N1: 42 samples
2025-05-03 07:57:05 [INFO ] Sleep stage N2: 482 samples
2025-05-03 07:57:05 [INFO ] Sleep stage N3: 200 samples
2025-05-03 07:57:05 [INFO ] Sleep stage R: 156 samples
2025-05-03 07:57:05 [INFO ] Obstructive Apnea: 19 samples
2025-05-03 07:57:05 [INFO ] Obstructive Hypopnea: 34 samples
2025-05-03 07:57:05 [INFO ] Mixed Apnea: 0 samples
2025-05-03 07:57:05 [INFO ] Central Apnea: 171 samples
2025-05-03 07:57:05 [INFO ] Oxygen Desaturation: 27 samples
2025-05-03 07:57:05 [INFO ] EEG arousal: 0 samples
2025-05-03 07:57:05 [INFO ] Hypopnea: 0 samples
2025-05-03 07:57:05 [INFO ] --------------------------------------------
2025-05-03 07:57:05 [INFO ] Test set class distribution:
2025-05-03 07:57:05 [INFO ] Sleep stage W: 116 samples
2025-05-03 07:57:05 [INFO ] Sleep stage N1: 9 samples
2025-05-03 07:57:05 [INFO ] Sleep stage N2: 395 samples
2025-05-03 07:57:05 [INFO ] Sleep stage N3: 301 samples
2025-05-03 07:57:05 [INFO ] Sleep stage R: 162 samples
2025-05-03 07:57:05 [INFO ] Obstructive Apnea: 3 samples
2025-05-03 07:57:05 [INFO ] Obstructive Hypopnea: 0 samples
2025-05-03 07:57:05 [INFO ] Mixed Apnea: 5 samples
2025-05-03 07:57:05 [INFO ] Central Apnea: 75 samples
2025-05-03 07:57:05 [INFO ] Oxygen Desaturation: 46 samples
2025-05-03 07:57:05 [INFO ] EEG arousal: 1 samples
2025-05-03 07:57:05 [INFO ] Hypopnea: 0 samples
2025-05-03 07:57:05 [INFO ] Initializing NeuroSight with 12 classes, use_rnn=False
2025-05-03 08:11:48 [INFO ] Test results: [<tf.Tensor: shape=(), dtype=float32, numpy=0.37290430068969727>, {'acc': <tf.Tensor: shape=(), dtype=float32, numpy=0.9304850101470947>, 'precision': <tf.Tensor: shape=(), dtype=float32, numpy=0.8033125996589661>, 'recall': <tf.Tensor: shape=(), dtype=float32, numpy=0.3486073613166809>}]
2025-05-03 08:11:50 [INFO ] Classification Report:
2025-05-03 08:11:50 [INFO ] 
                      precision    recall  f1-score   support

       Sleep stage W       0.76      0.11      0.20       116
      Sleep stage N1       0.00      0.00      0.00         9
      Sleep stage N2       0.25      0.00      0.01       395
      Sleep stage N3       0.91      0.93      0.92       301
       Sleep stage R       0.61      0.59      0.60       162
   Obstructive Apnea       0.00      0.00      0.00         3
Obstructive Hypopnea       0.00      0.00      0.00         0
         Mixed Apnea       0.00      0.00      0.00         5
       Central Apnea       0.00      0.00      0.00        75
 Oxygen Desaturation       0.00      0.00      0.00        46
         EEG arousal       0.00      0.00      0.00         1
            Hypopnea       0.00      0.00      0.00         0

           micro avg       0.80      0.35      0.49      1113
           macro avg       0.21      0.14      0.14      1113
        weighted avg       0.50      0.35      0.36      1113
         samples avg       0.39      0.38      0.38      1113

2025-05-03 08:11:50 [INFO ] Event: Sleep stage W
2025-05-03 08:11:50 [INFO ]   Count: 17
2025-05-03 08:11:50 [INFO ]   Percentage: 1.73%
2025-05-03 08:11:50 [INFO ]   Mean Duration: 30.00s
2025-05-03 08:11:50 [INFO ]   Max Duration: 30.00s
2025-05-03 08:11:50 [INFO ]   Frequency: 2.08/hour
2025-05-03 08:11:50 [INFO ]   Time Pattern: [30.0, 3420.0, 30.0, 330.0, 8490.0, 90.0, 120.0, 450.0, 6000.0, 2670.0, 3510.0, 3840.0, 30.0, 240.0, 60.0, 90.0]
2025-05-03 08:11:50 [INFO ] Event: Sleep stage N1
2025-05-03 08:11:50 [INFO ]   Count: 1
2025-05-03 08:11:50 [INFO ]   Percentage: 0.10%
2025-05-03 08:11:50 [INFO ]   Mean Duration: 30.00s
2025-05-03 08:11:50 [INFO ]   Max Duration: 30.00s
2025-05-03 08:11:50 [INFO ]   Frequency: 0.12/hour
2025-05-03 08:11:50 [INFO ]   Time Pattern: []
2025-05-03 08:11:50 [INFO ] Event: Sleep stage N2
2025-05-03 08:11:50 [INFO ]   Count: 4
2025-05-03 08:11:50 [INFO ]   Percentage: 0.41%
2025-05-03 08:11:50 [INFO ]   Mean Duration: 30.00s
2025-05-03 08:11:50 [INFO ]   Max Duration: 30.00s
2025-05-03 08:11:50 [INFO ]   Frequency: 0.49/hour
2025-05-03 08:11:50 [INFO ]   Time Pattern: [11400.0, 14100.0, 60.0]
2025-05-03 08:11:50 [INFO ] Event: Sleep stage N3
2025-05-03 08:11:50 [INFO ]   Count: 305
2025-05-03 08:11:50 [INFO ]   Percentage: 31.03%
2025-05-03 08:11:50 [INFO ]   Mean Duration: 30.00s
2025-05-03 08:11:50 [INFO ]   Max Duration: 30.00s
2025-05-03 08:11:50 [INFO ]   Frequency: 37.23/hour
2025-05-03 08:11:50 [INFO ]   Time Pattern: [270.0, 30.0, 30.0, 30.0, 30.0, 30.0, 30.0, 30.0, 30.0, 30.0, 30.0, 30.0, 30.0, 30.0, 30.0, 30.0, 30.0, 30.0, 30.0, 30.0, 30.0, 30.0, 30.0, 30.0, 30.0, 30.0, 30.0, 30.0, 30.0, 30.0, 30.0, 30.0, 30.0, 30.0, 30.0, 30.0, 30.0, 30.0, 30.0, 30.0, 30.0, 30.0, 30.0, 30.0, 30.0, 30.0, 30.0, 30.0, 30.0, 30.0, 30.0, 30.0, 30.0, 30.0, 30.0, 30.0, 30.0, 30.0, 30.0, 30.0, 30.0, 30.0, 30.0, 30.0, 30.0, 30.0, 30.0, 30.0, 30.0, 30.0, 30.0, 30.0, 30.0, 30.0, 30.0, 30.0, 30.0, 30.0, 30.0, 30.0, 30.0, 30.0, 30.0, 30.0, 30.0, 30.0, 90.0, 60.0, 30.0, 120.0, 270.0, 120.0, 30.0, 30.0, 120.0, 30.0, 1560.0, 60.0, 30.0, 30.0, 60.0, 30.0, 30.0, 30.0, 30.0, 30.0, 30.0, 30.0, 30.0, 30.0, 30.0, 30.0, 30.0, 30.0, 30.0, 30.0, 30.0, 30.0, 30.0, 30.0, 30.0, 30.0, 30.0, 60.0, 240.0, 120.0, 30.0, 30.0, 30.0, 30.0, 30.0, 30.0, 30.0, 30.0, 30.0, 30.0, 30.0, 30.0, 30.0, 30.0, 30.0, 30.0, 30.0, 30.0, 30.0, 30.0, 30.0, 30.0, 30.0, 30.0, 30.0, 30.0, 30.0, 90.0, 90.0, 90.0, 30.0, 30.0, 30.0, 30.0, 30.0, 60.0, 30.0, 30.0, 90.0, 2580.0, 30.0, 30.0, 30.0, 30.0, 30.0, 30.0, 30.0, 30.0, 30.0, 30.0, 30.0, 30.0, 30.0, 30.0, 30.0, 30.0, 30.0, 30.0, 30.0, 30.0, 30.0, 30.0, 30.0, 30.0, 30.0, 30.0, 30.0, 30.0, 30.0, 30.0, 1410.0, 2520.0, 150.0, 30.0, 30.0, 30.0, 90.0, 30.0, 30.0, 30.0, 30.0, 30.0, 30.0, 30.0, 30.0, 30.0, 30.0, 30.0, 30.0, 30.0, 30.0, 30.0, 30.0, 30.0, 30.0, 30.0, 30.0, 30.0, 30.0, 30.0, 30.0, 30.0, 30.0, 30.0, 30.0, 30.0, 30.0, 30.0, 30.0, 30.0, 30.0, 30.0, 30.0, 30.0, 30.0, 30.0, 30.0, 30.0, 30.0, 30.0, 30.0, 30.0, 30.0, 30.0, 30.0, 30.0, 30.0, 30.0, 30.0, 30.0, 30.0, 30.0, 30.0, 30.0, 30.0, 30.0, 30.0, 30.0, 30.0, 30.0, 30.0, 30.0, 30.0, 30.0, 30.0, 30.0, 30.0, 30.0, 30.0, 30.0, 30.0, 30.0, 30.0, 30.0, 30.0, 30.0, 30.0, 30.0, 30.0, 30.0, 30.0, 30.0, 30.0, 30.0, 30.0, 30.0, 30.0, 30.0, 30.0, 30.0, 30.0, 30.0, 30.0, 30.0, 30.0, 30.0, 10050.0, 30.0]
2025-05-03 08:11:50 [INFO ] Event: Sleep stage R
2025-05-03 08:11:50 [INFO ]   Count: 156
2025-05-03 08:11:50 [INFO ]   Percentage: 15.87%
2025-05-03 08:11:50 [INFO ]   Mean Duration: 30.00s
2025-05-03 08:11:50 [INFO ]   Max Duration: 30.00s
2025-05-03 08:11:50 [INFO ]   Frequency: 19.04/hour
2025-05-03 08:11:50 [INFO ]   Time Pattern: [60.0, 30.0, 30.0, 30.0, 30.0, 30.0, 60.0, 30.0, 30.0, 30.0, 210.0, 420.0, 3240.0, 30.0, 30.0, 30.0, 30.0, 30.0, 30.0, 30.0, 60.0, 30.0, 30.0, 30.0, 30.0, 30.0, 90.0, 30.0, 30.0, 30.0, 30.0, 30.0, 30.0, 30.0, 30.0, 30.0, 30.0, 30.0, 90.0, 90.0, 60.0, 240.0, 270.0, 60.0, 480.0, 1470.0, 330.0, 30.0, 420.0, 30.0, 30.0, 60.0, 300.0, 30.0, 30.0, 60.0, 60.0, 30.0, 60.0, 30.0, 30.0, 270.0, 30.0, 240.0, 150.0, 90.0, 5070.0, 30.0, 60.0, 60.0, 30.0, 90.0, 30.0, 30.0, 120.0, 30.0, 30.0, 30.0, 30.0, 30.0, 30.0, 30.0, 30.0, 30.0, 30.0, 30.0, 30.0, 30.0, 30.0, 30.0, 30.0, 30.0, 30.0, 30.0, 30.0, 30.0, 30.0, 30.0, 240.0, 120.0, 30.0, 30.0, 30.0, 30.0, 30.0, 90.0, 30.0, 30.0, 30.0, 60.0, 30.0, 1440.0, 150.0, 270.0, 600.0, 480.0, 30.0, 480.0, 120.0, 30.0, 300.0, 30.0, 360.0, 180.0, 30.0, 30.0, 30.0, 30.0, 30.0, 30.0, 30.0, 30.0, 30.0, 30.0, 30.0, 30.0, 60.0, 30.0, 90.0, 30.0, 30.0, 30.0, 30.0, 30.0, 30.0, 90.0, 90.0, 300.0, 30.0, 60.0, 30.0, 270.0, 1980.0, 30.0, 120.0]
2025-05-03 08:11:50 [INFO ] Event: Obstructive Apnea
2025-05-03 08:11:50 [INFO ]   Count: 0
2025-05-03 08:11:50 [INFO ]   Percentage: 0.00%
2025-05-03 08:11:50 [INFO ]   Mean Duration: 0.00s
2025-05-03 08:11:50 [INFO ]   Max Duration: 0.00s
2025-05-03 08:11:50 [INFO ]   Frequency: 0.00/hour
2025-05-03 08:11:50 [INFO ]   Time Pattern: []
2025-05-03 08:11:50 [INFO ] Event: Obstructive Hypopnea
2025-05-03 08:11:50 [INFO ]   Count: 0
2025-05-03 08:11:50 [INFO ]   Percentage: 0.00%
2025-05-03 08:11:50 [INFO ]   Mean Duration: 0.00s
2025-05-03 08:11:50 [INFO ]   Max Duration: 0.00s
2025-05-03 08:11:50 [INFO ]   Frequency: 0.00/hour
2025-05-03 08:11:50 [INFO ]   Time Pattern: []
2025-05-03 08:11:50 [INFO ] Event: Mixed Apnea
2025-05-03 08:11:50 [INFO ]   Count: 0
2025-05-03 08:11:50 [INFO ]   Percentage: 0.00%
2025-05-03 08:11:50 [INFO ]   Mean Duration: 0.00s
2025-05-03 08:11:50 [INFO ]   Max Duration: 0.00s
2025-05-03 08:11:50 [INFO ]   Frequency: 0.00/hour
2025-05-03 08:11:50 [INFO ]   Time Pattern: []
2025-05-03 08:11:50 [INFO ] Event: Central Apnea
2025-05-03 08:11:50 [INFO ]   Count: 0
2025-05-03 08:11:50 [INFO ]   Percentage: 0.00%
2025-05-03 08:11:50 [INFO ]   Mean Duration: 0.00s
2025-05-03 08:11:50 [INFO ]   Max Duration: 0.00s
2025-05-03 08:11:50 [INFO ]   Frequency: 0.00/hour
2025-05-03 08:11:50 [INFO ]   Time Pattern: []
2025-05-03 08:11:50 [INFO ] Event: Oxygen Desaturation
2025-05-03 08:11:50 [INFO ]   Count: 0
2025-05-03 08:11:50 [INFO ]   Percentage: 0.00%
2025-05-03 08:11:50 [INFO ]   Mean Duration: 0.00s
2025-05-03 08:11:50 [INFO ]   Max Duration: 0.00s
2025-05-03 08:11:50 [INFO ]   Frequency: 0.00/hour
2025-05-03 08:11:50 [INFO ]   Time Pattern: []
2025-05-03 08:11:50 [INFO ] Event: EEG arousal
2025-05-03 08:11:50 [INFO ]   Count: 0
2025-05-03 08:11:50 [INFO ]   Percentage: 0.00%
2025-05-03 08:11:50 [INFO ]   Mean Duration: 0.00s
2025-05-03 08:11:50 [INFO ]   Max Duration: 0.00s
2025-05-03 08:11:50 [INFO ]   Frequency: 0.00/hour
2025-05-03 08:11:50 [INFO ]   Time Pattern: []
2025-05-03 08:11:50 [INFO ] Event: Hypopnea
2025-05-03 08:11:50 [INFO ]   Count: 0
2025-05-03 08:11:50 [INFO ]   Percentage: 0.00%
2025-05-03 08:11:50 [INFO ]   Mean Duration: 0.00s
2025-05-03 08:11:50 [INFO ]   Max Duration: 0.00s
2025-05-03 08:11:50 [INFO ]   Frequency: 0.00/hour
2025-05-03 08:11:50 [INFO ]   Time Pattern: []
2025-05-03 08:39:19 [INFO ] Loaded 3 subjects from sleepedfx
2025-05-03 08:39:19 [INFO ] Subject 10003 -> Files: ['./data/processed/data_10003.pkl']
2025-05-03 08:39:19 [INFO ] Subject 10006 -> Files: ['./data/processed/data_10006.pkl']
2025-05-03 08:39:19 [INFO ] Subject 10000 -> Files: ['./data/processed/data_10000.pkl']
2025-05-03 08:39:19 [INFO ] Train set: 930 samples
2025-05-03 08:39:19 [INFO ] Valid set: 997 samples
2025-05-03 08:39:19 [INFO ] Test set: 983 samples
2025-05-03 08:39:19 [INFO ] --------------------------------------------
2025-05-03 08:39:19 [INFO ] Train set class distribution:
2025-05-03 08:39:19 [INFO ] Sleep stage W: 50 samples
2025-05-03 08:39:19 [INFO ] Sleep stage N1: 42 samples
2025-05-03 08:39:19 [INFO ] Sleep stage N2: 482 samples
2025-05-03 08:39:19 [INFO ] Sleep stage N3: 200 samples
2025-05-03 08:39:19 [INFO ] Sleep stage R: 156 samples
2025-05-03 08:39:19 [INFO ] Obstructive Apnea: 19 samples
2025-05-03 08:39:19 [INFO ] Obstructive Hypopnea: 34 samples
2025-05-03 08:39:19 [INFO ] Mixed Apnea: 0 samples
2025-05-03 08:39:19 [INFO ] Central Apnea: 171 samples
2025-05-03 08:39:19 [INFO ] Oxygen Desaturation: 27 samples
2025-05-03 08:39:19 [INFO ] EEG arousal: 0 samples
2025-05-03 08:39:19 [INFO ] Hypopnea: 0 samples
2025-05-03 08:39:19 [INFO ] --------------------------------------------
2025-05-03 08:39:19 [INFO ] Test set class distribution:
2025-05-03 08:39:19 [INFO ] Sleep stage W: 116 samples
2025-05-03 08:39:19 [INFO ] Sleep stage N1: 9 samples
2025-05-03 08:39:19 [INFO ] Sleep stage N2: 395 samples
2025-05-03 08:39:19 [INFO ] Sleep stage N3: 301 samples
2025-05-03 08:39:19 [INFO ] Sleep stage R: 162 samples
2025-05-03 08:39:19 [INFO ] Obstructive Apnea: 3 samples
2025-05-03 08:39:19 [INFO ] Obstructive Hypopnea: 0 samples
2025-05-03 08:39:19 [INFO ] Mixed Apnea: 5 samples
2025-05-03 08:39:19 [INFO ] Central Apnea: 75 samples
2025-05-03 08:39:19 [INFO ] Oxygen Desaturation: 46 samples
2025-05-03 08:39:19 [INFO ] EEG arousal: 1 samples
2025-05-03 08:39:19 [INFO ] Hypopnea: 0 samples
2025-05-03 08:39:19 [INFO ] Initializing NeuroSight with 12 classes, use_rnn=False, use_attention=False
2025-05-03 08:54:19 [INFO ] Loaded 3 subjects from sleepedfx
2025-05-03 08:54:19 [INFO ] Subject 10003 -> Files: ['./data/processed/data_10003.pkl']
2025-05-03 08:54:19 [INFO ] Subject 10006 -> Files: ['./data/processed/data_10006.pkl']
2025-05-03 08:54:19 [INFO ] Subject 10000 -> Files: ['./data/processed/data_10000.pkl']
2025-05-03 08:54:19 [INFO ] Train set: 930 samples
2025-05-03 08:54:19 [INFO ] Valid set: 997 samples
2025-05-03 08:54:19 [INFO ] Test set: 983 samples
2025-05-03 08:54:19 [INFO ] --------------------------------------------
2025-05-03 08:54:19 [INFO ] Train set class distribution:
2025-05-03 08:54:19 [INFO ] Sleep stage W: 50 samples
2025-05-03 08:54:19 [INFO ] Sleep stage N1: 42 samples
2025-05-03 08:54:19 [INFO ] Sleep stage N2: 482 samples
2025-05-03 08:54:19 [INFO ] Sleep stage N3: 200 samples
2025-05-03 08:54:19 [INFO ] Sleep stage R: 156 samples
2025-05-03 08:54:19 [INFO ] Obstructive Apnea: 19 samples
2025-05-03 08:54:19 [INFO ] Obstructive Hypopnea: 34 samples
2025-05-03 08:54:19 [INFO ] Mixed Apnea: 0 samples
2025-05-03 08:54:19 [INFO ] Central Apnea: 171 samples
2025-05-03 08:54:19 [INFO ] Oxygen Desaturation: 27 samples
2025-05-03 08:54:19 [INFO ] EEG arousal: 0 samples
2025-05-03 08:54:19 [INFO ] Hypopnea: 0 samples
2025-05-03 08:54:19 [INFO ] --------------------------------------------
2025-05-03 08:54:19 [INFO ] Test set class distribution:
2025-05-03 08:54:19 [INFO ] Sleep stage W: 116 samples
2025-05-03 08:54:19 [INFO ] Sleep stage N1: 9 samples
2025-05-03 08:54:19 [INFO ] Sleep stage N2: 395 samples
2025-05-03 08:54:19 [INFO ] Sleep stage N3: 301 samples
2025-05-03 08:54:19 [INFO ] Sleep stage R: 162 samples
2025-05-03 08:54:19 [INFO ] Obstructive Apnea: 3 samples
2025-05-03 08:54:19 [INFO ] Obstructive Hypopnea: 0 samples
2025-05-03 08:54:19 [INFO ] Mixed Apnea: 5 samples
2025-05-03 08:54:19 [INFO ] Central Apnea: 75 samples
2025-05-03 08:54:19 [INFO ] Oxygen Desaturation: 46 samples
2025-05-03 08:54:19 [INFO ] EEG arousal: 1 samples
2025-05-03 08:54:19 [INFO ] Hypopnea: 0 samples
2025-05-03 08:54:19 [INFO ] Class weights: {0: 5.951059132472944, 1: 6.283372372354142, 2: 2.149636608005174, 3: 3.4633110903166995, 4: 3.880800986488687, 5: 7.821939638886975, 6: 6.689461539988768, 7: 10.0, 8: 3.7246211604400403, 9: 7.1359330508972505, 10: 10.0, 11: 10.0}
